CRITICAL - 2022-03-14 08:29:55 --> There is no data to update.
#0 C:\xampp\htdocs\APIBaznas\system\BaseModel.php(846): CodeIgniter\Database\Exceptions\DataException::forEmptyDataset('update')
#1 C:\xampp\htdocs\APIBaznas\system\Model.php(651): CodeIgniter\BaseModel->update(Array, Array)
#2 C:\xampp\htdocs\APIBaznas\app\Controllers\APIPendanaan.php(71): CodeIgniter\Model->update('8', Array)
#3 C:\xampp\htdocs\APIBaznas\system\CodeIgniter.php(825): App\Controllers\APIPendanaan->update('8')
#4 C:\xampp\htdocs\APIBaznas\system\CodeIgniter.php(412): CodeIgniter\CodeIgniter->runController(Object(App\Controllers\APIPendanaan))
#5 C:\xampp\htdocs\APIBaznas\system\CodeIgniter.php(320): CodeIgniter\CodeIgniter->handleRequest(NULL, Object(Config\Cache), false)
#6 C:\xampp\htdocs\APIBaznas\public\index.php(37): CodeIgniter\CodeIgniter->run()
#7 C:\xampp\htdocs\APIBaznas\system\Commands\Server\rewrite.php(43): require_once('C:\\xampp\\htdocs...')
#8 {main}
CRITICAL - 2022-03-14 08:35:06 --> Undefined property: stdClass::$nomorTransaksi
#0 C:\xampp\htdocs\APIBaznas\app\Controllers\APIPendanaan.php(62): CodeIgniter\Debug\Exceptions->errorHandler(8, 'Undefined prope...', 'C:\\xampp\\htdocs...', 62, Array)
#1 C:\xampp\htdocs\APIBaznas\system\CodeIgniter.php(825): App\Controllers\APIPendanaan->update('8')
#2 C:\xampp\htdocs\APIBaznas\system\CodeIgniter.php(412): CodeIgniter\CodeIgniter->runController(Object(App\Controllers\APIPendanaan))
#3 C:\xampp\htdocs\APIBaznas\system\CodeIgniter.php(320): CodeIgniter\CodeIgniter->handleRequest(NULL, Object(Config\Cache), false)
#4 C:\xampp\htdocs\APIBaznas\public\index.php(37): CodeIgniter\CodeIgniter->run()
#5 C:\xampp\htdocs\APIBaznas\system\Commands\Server\rewrite.php(43): require_once('C:\\xampp\\htdocs...')
#6 {main}
CRITICAL - 2022-03-14 08:36:45 --> There is no data to update.
#0 C:\xampp\htdocs\APIBaznas\system\BaseModel.php(846): CodeIgniter\Database\Exceptions\DataException::forEmptyDataset('update')
#1 C:\xampp\htdocs\APIBaznas\system\Model.php(651): CodeIgniter\BaseModel->update(Array, Array)
#2 C:\xampp\htdocs\APIBaznas\app\Controllers\APIPendanaan.php(73): CodeIgniter\Model->update('8', Array)
#3 C:\xampp\htdocs\APIBaznas\system\CodeIgniter.php(825): App\Controllers\APIPendanaan->update('8')
#4 C:\xampp\htdocs\APIBaznas\system\CodeIgniter.php(412): CodeIgniter\CodeIgniter->runController(Object(App\Controllers\APIPendanaan))
#5 C:\xampp\htdocs\APIBaznas\system\CodeIgniter.php(320): CodeIgniter\CodeIgniter->handleRequest(NULL, Object(Config\Cache), false)
#6 C:\xampp\htdocs\APIBaznas\public\index.php(37): CodeIgniter\CodeIgniter->run()
#7 C:\xampp\htdocs\APIBaznas\system\Commands\Server\rewrite.php(43): require_once('C:\\xampp\\htdocs...')
#8 {main}
CRITICAL - 2022-03-14 22:38:43 --> Trying to get property 'status' of non-object
#0 C:\xampp\htdocs\APIBaznas\app\Controllers\APIPendanaan.php(68): CodeIgniter\Debug\Exceptions->errorHandler(8, 'Trying to get p...', 'C:\\xampp\\htdocs...', 68, Array)
#1 C:\xampp\htdocs\APIBaznas\system\CodeIgniter.php(825): App\Controllers\APIPendanaan->update('8')
#2 C:\xampp\htdocs\APIBaznas\system\CodeIgniter.php(412): CodeIgniter\CodeIgniter->runController(Object(App\Controllers\APIPendanaan))
#3 C:\xampp\htdocs\APIBaznas\system\CodeIgniter.php(320): CodeIgniter\CodeIgniter->handleRequest(NULL, Object(Config\Cache), false)
#4 C:\xampp\htdocs\APIBaznas\public\index.php(37): CodeIgniter\CodeIgniter->run()
#5 C:\xampp\htdocs\APIBaznas\system\Commands\Server\rewrite.php(43): require_once('C:\\xampp\\htdocs...')
#6 {main}
CRITICAL - 2022-03-14 22:39:10 --> Trying to get property 'noTransaksi' of non-object
#0 C:\xampp\htdocs\APIBaznas\app\Controllers\APIPendanaan.php(69): CodeIgniter\Debug\Exceptions->errorHandler(8, 'Trying to get p...', 'C:\\xampp\\htdocs...', 69, Array)
#1 C:\xampp\htdocs\APIBaznas\system\CodeIgniter.php(825): App\Controllers\APIPendanaan->update('8')
#2 C:\xampp\htdocs\APIBaznas\system\CodeIgniter.php(412): CodeIgniter\CodeIgniter->runController(Object(App\Controllers\APIPendanaan))
#3 C:\xampp\htdocs\APIBaznas\system\CodeIgniter.php(320): CodeIgniter\CodeIgniter->handleRequest(NULL, Object(Config\Cache), false)
#4 C:\xampp\htdocs\APIBaznas\public\index.php(37): CodeIgniter\CodeIgniter->run()
#5 C:\xampp\htdocs\APIBaznas\system\Commands\Server\rewrite.php(43): require_once('C:\\xampp\\htdocs...')
#6 {main}
CRITICAL - 2022-03-14 22:48:37 --> Undefined property: stdClass::$noTransaksi
#0 C:\xampp\htdocs\APIBaznas\app\Controllers\APIPendanaan.php(63): CodeIgniter\Debug\Exceptions->errorHandler(8, 'Undefined prope...', 'C:\\xampp\\htdocs...', 63, Array)
#1 C:\xampp\htdocs\APIBaznas\system\CodeIgniter.php(825): App\Controllers\APIPendanaan->update('8')
#2 C:\xampp\htdocs\APIBaznas\system\CodeIgniter.php(412): CodeIgniter\CodeIgniter->runController(Object(App\Controllers\APIPendanaan))
#3 C:\xampp\htdocs\APIBaznas\system\CodeIgniter.php(320): CodeIgniter\CodeIgniter->handleRequest(NULL, Object(Config\Cache), false)
#4 C:\xampp\htdocs\APIBaznas\public\index.php(37): CodeIgniter\CodeIgniter->run()
#5 C:\xampp\htdocs\APIBaznas\system\Commands\Server\rewrite.php(43): require_once('C:\\xampp\\htdocs...')
#6 {main}
CRITICAL - 2022-03-14 22:54:20 --> Undefined property: stdClass::$noTransaksi
#0 C:\xampp\htdocs\APIBaznas\app\Controllers\APIPendanaan.php(63): CodeIgniter\Debug\Exceptions->errorHandler(8, 'Undefined prope...', 'C:\\xampp\\htdocs...', 63, Array)
#1 C:\xampp\htdocs\APIBaznas\system\CodeIgniter.php(825): App\Controllers\APIPendanaan->update('8')
#2 C:\xampp\htdocs\APIBaznas\system\CodeIgniter.php(412): CodeIgniter\CodeIgniter->runController(Object(App\Controllers\APIPendanaan))
#3 C:\xampp\htdocs\APIBaznas\system\CodeIgniter.php(320): CodeIgniter\CodeIgniter->handleRequest(NULL, Object(Config\Cache), false)
#4 C:\xampp\htdocs\APIBaznas\public\index.php(37): CodeIgniter\CodeIgniter->run()
#5 C:\xampp\htdocs\APIBaznas\system\Commands\Server\rewrite.php(43): require_once('C:\\xampp\\htdocs...')
#6 {main}
CRITICAL - 2022-03-14 23:05:57 --> There is no data to insert.
#0 C:\xampp\htdocs\APIBaznas\system\BaseModel.php(718): CodeIgniter\Database\Exceptions\DataException::forEmptyDataset('insert')
#1 C:\xampp\htdocs\APIBaznas\system\Model.php(625): CodeIgniter\BaseModel->insert(Array, true)
#2 C:\xampp\htdocs\APIBaznas\app\Controllers\APIUser.php(41): CodeIgniter\Model->insert(Object(stdClass))
#3 C:\xampp\htdocs\APIBaznas\system\CodeIgniter.php(825): App\Controllers\APIUser->create()
#4 C:\xampp\htdocs\APIBaznas\system\CodeIgniter.php(412): CodeIgniter\CodeIgniter->runController(Object(App\Controllers\APIUser))
#5 C:\xampp\htdocs\APIBaznas\system\CodeIgniter.php(320): CodeIgniter\CodeIgniter->handleRequest(NULL, Object(Config\Cache), false)
#6 C:\xampp\htdocs\APIBaznas\public\index.php(37): CodeIgniter\CodeIgniter->run()
#7 C:\xampp\htdocs\APIBaznas\system\Commands\Server\rewrite.php(43): require_once('C:\\xampp\\htdocs...')
#8 {main}
