CRITICAL - 2023-02-09 10:38:13 --> Class "App\Controllers\Model_data" not found
#0 C:\xampp\htdocs\APIDesaDigital\core\system\CodeIgniter.php(825): App\Controllers\APIWarga->create()
#1 C:\xampp\htdocs\APIDesaDigital\core\system\CodeIgniter.php(412): CodeIgniter\CodeIgniter->runController(Object(App\Controllers\APIWarga))
#2 C:\xampp\htdocs\APIDesaDigital\core\system\CodeIgniter.php(320): CodeIgniter\CodeIgniter->handleRequest(NULL, Object(Config\Cache), false)
#3 C:\xampp\htdocs\APIDesaDigital\index.php(37): CodeIgniter\CodeIgniter->run()
#4 {main}
CRITICAL - 2023-02-09 12:17:41 --> syntax error, unexpected variable "$builder"
#0 C:\xampp\htdocs\APIDesaDigital\core\system\Autoloader\Autoloader.php(241): CodeIgniter\Autoloader\Autoloader->includeFile('C:\\xampp\\htdocs...')
#1 C:\xampp\htdocs\APIDesaDigital\core\system\Autoloader\Autoloader.php(219): CodeIgniter\Autoloader\Autoloader->loadInNamespace('App\\Models\\Mode...')
#2 C:\xampp\htdocs\APIDesaDigital\core\app\Controllers\DataStatusIbuBayiMeninggal.php(15): CodeIgniter\Autoloader\Autoloader->loadClass('App\\Models\\Mode...')
#3 C:\xampp\htdocs\APIDesaDigital\core\system\CodeIgniter.php(825): App\Controllers\DataStatusIbuBayiMeninggal->create()
#4 C:\xampp\htdocs\APIDesaDigital\core\system\CodeIgniter.php(412): CodeIgniter\CodeIgniter->runController(Object(App\Controllers\DataStatusIbuBayiMeninggal))
#5 C:\xampp\htdocs\APIDesaDigital\core\system\CodeIgniter.php(320): CodeIgniter\CodeIgniter->handleRequest(NULL, Object(Config\Cache), false)
#6 C:\xampp\htdocs\APIDesaDigital\index.php(37): CodeIgniter\CodeIgniter->run()
#7 {main}
ERROR - 2023-02-09 12:18:08 --> Column 'status' in where clause is ambiguous
CRITICAL - 2023-02-09 12:18:08 --> Column 'status' in where clause is ambiguous
#0 C:\xampp\htdocs\APIDesaDigital\core\system\Database\MySQLi\Connection.php(292): mysqli->query('SELECT *\nFROM `...', 0)
#1 C:\xampp\htdocs\APIDesaDigital\core\system\Database\BaseConnection.php(670): CodeIgniter\Database\MySQLi\Connection->execute('SELECT *\nFROM `...')
#2 C:\xampp\htdocs\APIDesaDigital\core\system\Database\BaseConnection.php(598): CodeIgniter\Database\BaseConnection->simpleQuery('SELECT *\nFROM `...')
#3 C:\xampp\htdocs\APIDesaDigital\core\system\Database\BaseBuilder.php(1455): CodeIgniter\Database\BaseConnection->query('SELECT *\nFROM `...', Array, false)
#4 C:\xampp\htdocs\APIDesaDigital\core\app\Models\Model_data.php(52): CodeIgniter\Database\BaseBuilder->get()
#5 C:\xampp\htdocs\APIDesaDigital\core\app\Controllers\DataStatusIbuBayiMeninggal.php(32): App\Models\Model_data->getStatusIbuBayiMeninggal()
#6 C:\xampp\htdocs\APIDesaDigital\core\system\CodeIgniter.php(825): App\Controllers\DataStatusIbuBayiMeninggal->create()
#7 C:\xampp\htdocs\APIDesaDigital\core\system\CodeIgniter.php(412): CodeIgniter\CodeIgniter->runController(Object(App\Controllers\DataStatusIbuBayiMeninggal))
#8 C:\xampp\htdocs\APIDesaDigital\core\system\CodeIgniter.php(320): CodeIgniter\CodeIgniter->handleRequest(NULL, Object(Config\Cache), false)
#9 C:\xampp\htdocs\APIDesaDigital\index.php(37): CodeIgniter\CodeIgniter->run()
#10 {main}
ERROR - 2023-02-09 12:28:03 --> Column 'status' in where clause is ambiguous
CRITICAL - 2023-02-09 12:28:03 --> Column 'status' in where clause is ambiguous
#0 C:\xampp\htdocs\APIDesaDigital\core\system\Database\MySQLi\Connection.php(292): mysqli->query('SELECT *\nFROM `...', 0)
#1 C:\xampp\htdocs\APIDesaDigital\core\system\Database\BaseConnection.php(670): CodeIgniter\Database\MySQLi\Connection->execute('SELECT *\nFROM `...')
#2 C:\xampp\htdocs\APIDesaDigital\core\system\Database\BaseConnection.php(598): CodeIgniter\Database\BaseConnection->simpleQuery('SELECT *\nFROM `...')
#3 C:\xampp\htdocs\APIDesaDigital\core\system\Database\BaseBuilder.php(1455): CodeIgniter\Database\BaseConnection->query('SELECT *\nFROM `...', Array, false)
#4 C:\xampp\htdocs\APIDesaDigital\core\app\Models\Model_data.php(52): CodeIgniter\Database\BaseBuilder->get()
#5 C:\xampp\htdocs\APIDesaDigital\core\app\Controllers\DataStatusIbu.php(32): App\Models\Model_data->getStatusIbuBayiMeninggal()
#6 C:\xampp\htdocs\APIDesaDigital\core\system\CodeIgniter.php(825): App\Controllers\DataStatusibu->create()
#7 C:\xampp\htdocs\APIDesaDigital\core\system\CodeIgniter.php(412): CodeIgniter\CodeIgniter->runController(Object(App\Controllers\DataStatusibu))
#8 C:\xampp\htdocs\APIDesaDigital\core\system\CodeIgniter.php(320): CodeIgniter\CodeIgniter->handleRequest(NULL, Object(Config\Cache), false)
#9 C:\xampp\htdocs\APIDesaDigital\index.php(37): CodeIgniter\CodeIgniter->run()
#10 {main}
ERROR - 2023-02-09 12:30:10 --> Unknown column 'status_ibu_meninggal' in 'where clause'
CRITICAL - 2023-02-09 12:30:10 --> Unknown column 'status_ibu_meninggal' in 'where clause'
#0 C:\xampp\htdocs\APIDesaDigital\core\system\Database\MySQLi\Connection.php(292): mysqli->query('SELECT *\nFROM `...', 0)
#1 C:\xampp\htdocs\APIDesaDigital\core\system\Database\BaseConnection.php(670): CodeIgniter\Database\MySQLi\Connection->execute('SELECT *\nFROM `...')
#2 C:\xampp\htdocs\APIDesaDigital\core\system\Database\BaseConnection.php(598): CodeIgniter\Database\BaseConnection->simpleQuery('SELECT *\nFROM `...')
#3 C:\xampp\htdocs\APIDesaDigital\core\system\Database\BaseBuilder.php(1455): CodeIgniter\Database\BaseConnection->query('SELECT *\nFROM `...', Array, false)
#4 C:\xampp\htdocs\APIDesaDigital\core\app\Models\Model_data.php(52): CodeIgniter\Database\BaseBuilder->get()
#5 C:\xampp\htdocs\APIDesaDigital\core\app\Controllers\DataStatusIbuBayiMeninggal.php(32): App\Models\Model_data->getStatusIbuBayiMeninggal()
#6 C:\xampp\htdocs\APIDesaDigital\core\system\CodeIgniter.php(825): App\Controllers\DataStatusIbuBayiMeninggal->create()
#7 C:\xampp\htdocs\APIDesaDigital\core\system\CodeIgniter.php(412): CodeIgniter\CodeIgniter->runController(Object(App\Controllers\DataStatusIbuBayiMeninggal))
#8 C:\xampp\htdocs\APIDesaDigital\core\system\CodeIgniter.php(320): CodeIgniter\CodeIgniter->handleRequest(NULL, Object(Config\Cache), false)
#9 C:\xampp\htdocs\APIDesaDigital\index.php(37): CodeIgniter\CodeIgniter->run()
#10 {main}
