CRITICAL - 2022-06-23 03:48:31 --> Undefined property: stdClass::$jumlah
#0 /var/www/html/APIBaznas/app/Controllers/APIPembayaranOnline.php(46): CodeIgniter\Debug\Exceptions->errorHandler()
#1 /var/www/html/APIBaznas/system/CodeIgniter.php(825): App\Controllers\APIPembayaranOnline->create()
#2 /var/www/html/APIBaznas/system/CodeIgniter.php(412): CodeIgniter\CodeIgniter->runController()
#3 /var/www/html/APIBaznas/system/CodeIgniter.php(320): CodeIgniter\CodeIgniter->handleRequest()
#4 /var/www/html/APIBaznas/public/index.php(37): CodeIgniter\CodeIgniter->run()
#5 /var/www/html/APIBaznas/system/Commands/Server/rewrite.php(43): require_once('...')
#6 {main}
CRITICAL - 2022-06-23 03:50:02 --> Undefined property: stdClass::$jumlah
#0 /var/www/html/APIBaznas/app/Controllers/APIPembayaranOnline.php(46): CodeIgniter\Debug\Exceptions->errorHandler()
#1 /var/www/html/APIBaznas/system/CodeIgniter.php(825): App\Controllers\APIPembayaranOnline->create()
#2 /var/www/html/APIBaznas/system/CodeIgniter.php(412): CodeIgniter\CodeIgniter->runController()
#3 /var/www/html/APIBaznas/system/CodeIgniter.php(320): CodeIgniter\CodeIgniter->handleRequest()
#4 /var/www/html/APIBaznas/public/index.php(37): CodeIgniter\CodeIgniter->run()
#5 /var/www/html/APIBaznas/system/Commands/Server/rewrite.php(43): require_once('...')
#6 {main}
CRITICAL - 2022-06-23 03:54:13 --> Undefined property: stdClass::$jumlah
#0 /var/www/html/APIBaznas/app/Controllers/APIPembayaranOnline.php(46): CodeIgniter\Debug\Exceptions->errorHandler()
#1 /var/www/html/APIBaznas/system/CodeIgniter.php(825): App\Controllers\APIPembayaranOnline->create()
#2 /var/www/html/APIBaznas/system/CodeIgniter.php(412): CodeIgniter\CodeIgniter->runController()
#3 /var/www/html/APIBaznas/system/CodeIgniter.php(320): CodeIgniter\CodeIgniter->handleRequest()
#4 /var/www/html/APIBaznas/public/index.php(37): CodeIgniter\CodeIgniter->run()
#5 /var/www/html/APIBaznas/system/Commands/Server/rewrite.php(43): require_once('...')
#6 {main}
CRITICAL - 2022-06-23 03:54:48 --> Undefined property: stdClass::$jumlah
#0 /var/www/html/APIBaznas/app/Controllers/APIPembayaranOnline.php(46): CodeIgniter\Debug\Exceptions->errorHandler()
#1 /var/www/html/APIBaznas/system/CodeIgniter.php(825): App\Controllers\APIPembayaranOnline->create()
#2 /var/www/html/APIBaznas/system/CodeIgniter.php(412): CodeIgniter\CodeIgniter->runController()
#3 /var/www/html/APIBaznas/system/CodeIgniter.php(320): CodeIgniter\CodeIgniter->handleRequest()
#4 /var/www/html/APIBaznas/public/index.php(37): CodeIgniter\CodeIgniter->run()
#5 /var/www/html/APIBaznas/system/Commands/Server/rewrite.php(43): require_once('...')
#6 {main}
CRITICAL - 2022-06-23 04:51:24 --> Undefined property: stdClass::$jumlah
#0 /var/www/html/APIBaznas/app/Controllers/APIPembayaranOnline.php(46): CodeIgniter\Debug\Exceptions->errorHandler()
#1 /var/www/html/APIBaznas/system/CodeIgniter.php(825): App\Controllers\APIPembayaranOnline->create()
#2 /var/www/html/APIBaznas/system/CodeIgniter.php(412): CodeIgniter\CodeIgniter->runController()
#3 /var/www/html/APIBaznas/system/CodeIgniter.php(320): CodeIgniter\CodeIgniter->handleRequest()
#4 /var/www/html/APIBaznas/public/index.php(37): CodeIgniter\CodeIgniter->run()
#5 /var/www/html/APIBaznas/system/Commands/Server/rewrite.php(43): require_once('...')
#6 {main}
CRITICAL - 2022-06-23 04:52:13 --> Undefined property: stdClass::$jumlah
#0 /var/www/html/APIBaznas/app/Controllers/APIPembayaranOnline.php(46): CodeIgniter\Debug\Exceptions->errorHandler()
#1 /var/www/html/APIBaznas/system/CodeIgniter.php(825): App\Controllers\APIPembayaranOnline->create()
#2 /var/www/html/APIBaznas/system/CodeIgniter.php(412): CodeIgniter\CodeIgniter->runController()
#3 /var/www/html/APIBaznas/system/CodeIgniter.php(320): CodeIgniter\CodeIgniter->handleRequest()
#4 /var/www/html/APIBaznas/public/index.php(37): CodeIgniter\CodeIgniter->run()
#5 /var/www/html/APIBaznas/system/Commands/Server/rewrite.php(43): require_once('...')
#6 {main}
CRITICAL - 2022-06-23 04:52:32 --> Undefined property: stdClass::$jumlah
#0 /var/www/html/APIBaznas/app/Controllers/APIPembayaranOnline.php(46): CodeIgniter\Debug\Exceptions->errorHandler()
#1 /var/www/html/APIBaznas/system/CodeIgniter.php(825): App\Controllers\APIPembayaranOnline->create()
#2 /var/www/html/APIBaznas/system/CodeIgniter.php(412): CodeIgniter\CodeIgniter->runController()
#3 /var/www/html/APIBaznas/system/CodeIgniter.php(320): CodeIgniter\CodeIgniter->handleRequest()
#4 /var/www/html/APIBaznas/public/index.php(37): CodeIgniter\CodeIgniter->run()
#5 /var/www/html/APIBaznas/system/Commands/Server/rewrite.php(43): require_once('...')
#6 {main}
CRITICAL - 2022-06-23 04:54:19 --> Undefined property: stdClass::$jumlah
#0 /var/www/html/APIBaznas/app/Controllers/APIPembayaranOnline.php(46): CodeIgniter\Debug\Exceptions->errorHandler()
#1 /var/www/html/APIBaznas/system/CodeIgniter.php(825): App\Controllers\APIPembayaranOnline->create()
#2 /var/www/html/APIBaznas/system/CodeIgniter.php(412): CodeIgniter\CodeIgniter->runController()
#3 /var/www/html/APIBaznas/system/CodeIgniter.php(320): CodeIgniter\CodeIgniter->handleRequest()
#4 /var/www/html/APIBaznas/public/index.php(37): CodeIgniter\CodeIgniter->run()
#5 /var/www/html/APIBaznas/system/Commands/Server/rewrite.php(43): require_once('...')
#6 {main}
CRITICAL - 2022-06-23 05:06:36 --> Undefined property: stdClass::$jenisPembyaran
#0 /var/www/html/APIBaznas/app/Controllers/APIPembayaranOnline.php(43): CodeIgniter\Debug\Exceptions->errorHandler()
#1 /var/www/html/APIBaznas/system/CodeIgniter.php(825): App\Controllers\APIPembayaranOnline->create()
#2 /var/www/html/APIBaznas/system/CodeIgniter.php(412): CodeIgniter\CodeIgniter->runController()
#3 /var/www/html/APIBaznas/system/CodeIgniter.php(320): CodeIgniter\CodeIgniter->handleRequest()
#4 /var/www/html/APIBaznas/public/index.php(37): CodeIgniter\CodeIgniter->run()
#5 /var/www/html/APIBaznas/system/Commands/Server/rewrite.php(43): require_once('...')
#6 {main}
CRITICAL - 2022-06-23 05:07:05 --> Undefined property: stdClass::$jumlah
#0 /var/www/html/APIBaznas/app/Controllers/APIPembayaranOnline.php(54): CodeIgniter\Debug\Exceptions->errorHandler()
#1 /var/www/html/APIBaznas/system/CodeIgniter.php(825): App\Controllers\APIPembayaranOnline->create()
#2 /var/www/html/APIBaznas/system/CodeIgniter.php(412): CodeIgniter\CodeIgniter->runController()
#3 /var/www/html/APIBaznas/system/CodeIgniter.php(320): CodeIgniter\CodeIgniter->handleRequest()
#4 /var/www/html/APIBaznas/public/index.php(37): CodeIgniter\CodeIgniter->run()
#5 /var/www/html/APIBaznas/system/Commands/Server/rewrite.php(43): require_once('...')
#6 {main}
CRITICAL - 2022-06-23 05:14:01 --> Undefined property: stdClass::$jenisPembayaran
#0 /var/www/html/APIBaznas/app/Controllers/APIPembayaranOnline.php(43): CodeIgniter\Debug\Exceptions->errorHandler()
#1 /var/www/html/APIBaznas/system/CodeIgniter.php(825): App\Controllers\APIPembayaranOnline->create()
#2 /var/www/html/APIBaznas/system/CodeIgniter.php(412): CodeIgniter\CodeIgniter->runController()
#3 /var/www/html/APIBaznas/system/CodeIgniter.php(320): CodeIgniter\CodeIgniter->handleRequest()
#4 /var/www/html/APIBaznas/public/index.php(37): CodeIgniter\CodeIgniter->run()
#5 /var/www/html/APIBaznas/system/Commands/Server/rewrite.php(43): require_once('...')
#6 {main}
CRITICAL - 2022-06-23 05:15:02 --> Undefined property: stdClass::$jenisPembayaran
#0 /var/www/html/APIBaznas/app/Controllers/APIPembayaranOnline.php(43): CodeIgniter\Debug\Exceptions->errorHandler()
#1 /var/www/html/APIBaznas/system/CodeIgniter.php(825): App\Controllers\APIPembayaranOnline->create()
#2 /var/www/html/APIBaznas/system/CodeIgniter.php(412): CodeIgniter\CodeIgniter->runController()
#3 /var/www/html/APIBaznas/system/CodeIgniter.php(320): CodeIgniter\CodeIgniter->handleRequest()
#4 /var/www/html/APIBaznas/public/index.php(37): CodeIgniter\CodeIgniter->run()
#5 /var/www/html/APIBaznas/system/Commands/Server/rewrite.php(43): require_once('...')
#6 {main}
