ERROR - 2022-06-10 00:02:21 --> Column 'namaUser' cannot be null
CRITICAL - 2022-06-10 00:02:21 --> Column 'namaUser' cannot be null
#0 /var/www/html/APIBaznas/system/Database/MySQLi/Connection.php(292): mysqli->query()
#1 /var/www/html/APIBaznas/system/Database/BaseConnection.php(670): CodeIgniter\Database\MySQLi\Connection->execute()
#2 /var/www/html/APIBaznas/system/Database/BaseConnection.php(598): CodeIgniter\Database\BaseConnection->simpleQuery()
#3 /var/www/html/APIBaznas/system/Database/BaseBuilder.php(1771): CodeIgniter\Database\BaseConnection->query()
#4 /var/www/html/APIBaznas/system/Model.php(239): CodeIgniter\Database\BaseBuilder->insert()
#5 /var/www/html/APIBaznas/system/BaseModel.php(738): CodeIgniter\Model->doInsert()
#6 /var/www/html/APIBaznas/system/Model.php(625): CodeIgniter\BaseModel->insert()
#7 /var/www/html/APIBaznas/app/Controllers/APIPendanaan.php(45): CodeIgniter\Model->insert()
#8 /var/www/html/APIBaznas/system/CodeIgniter.php(825): App\Controllers\APIPendanaan->create()
#9 /var/www/html/APIBaznas/system/CodeIgniter.php(412): CodeIgniter\CodeIgniter->runController()
#10 /var/www/html/APIBaznas/system/CodeIgniter.php(320): CodeIgniter\CodeIgniter->handleRequest()
#11 /var/www/html/APIBaznas/public/index.php(37): CodeIgniter\CodeIgniter->run()
#12 /var/www/html/APIBaznas/system/Commands/Server/rewrite.php(43): require_once('...')
#13 {main}
ERROR - 2022-06-10 00:06:37 --> Column 'namaUser' cannot be null
CRITICAL - 2022-06-10 00:06:37 --> Column 'namaUser' cannot be null
#0 /var/www/html/APIBaznas/system/Database/MySQLi/Connection.php(292): mysqli->query()
#1 /var/www/html/APIBaznas/system/Database/BaseConnection.php(670): CodeIgniter\Database\MySQLi\Connection->execute()
#2 /var/www/html/APIBaznas/system/Database/BaseConnection.php(598): CodeIgniter\Database\BaseConnection->simpleQuery()
#3 /var/www/html/APIBaznas/system/Database/BaseBuilder.php(1771): CodeIgniter\Database\BaseConnection->query()
#4 /var/www/html/APIBaznas/system/Model.php(239): CodeIgniter\Database\BaseBuilder->insert()
#5 /var/www/html/APIBaznas/system/BaseModel.php(738): CodeIgniter\Model->doInsert()
#6 /var/www/html/APIBaznas/system/Model.php(625): CodeIgniter\BaseModel->insert()
#7 /var/www/html/APIBaznas/app/Controllers/APIPendanaan.php(45): CodeIgniter\Model->insert()
#8 /var/www/html/APIBaznas/system/CodeIgniter.php(825): App\Controllers\APIPendanaan->create()
#9 /var/www/html/APIBaznas/system/CodeIgniter.php(412): CodeIgniter\CodeIgniter->runController()
#10 /var/www/html/APIBaznas/system/CodeIgniter.php(320): CodeIgniter\CodeIgniter->handleRequest()
#11 /var/www/html/APIBaznas/public/index.php(37): CodeIgniter\CodeIgniter->run()
#12 /var/www/html/APIBaznas/system/Commands/Server/rewrite.php(43): require_once('...')
#13 {main}
CRITICAL - 2022-06-10 02:03:20 --> Undefined property: stdClass::$jumlah
#0 /var/www/html/APIBaznas/app/Controllers/APIPembayaranOnline.php(46): CodeIgniter\Debug\Exceptions->errorHandler()
#1 /var/www/html/APIBaznas/system/CodeIgniter.php(825): App\Controllers\APIPembayaranOnline->create()
#2 /var/www/html/APIBaznas/system/CodeIgniter.php(412): CodeIgniter\CodeIgniter->runController()
#3 /var/www/html/APIBaznas/system/CodeIgniter.php(320): CodeIgniter\CodeIgniter->handleRequest()
#4 /var/www/html/APIBaznas/public/index.php(37): CodeIgniter\CodeIgniter->run()
#5 /var/www/html/APIBaznas/system/Commands/Server/rewrite.php(43): require_once('...')
#6 {main}
CRITICAL - 2022-06-10 02:05:19 --> Undefined property: stdClass::$jumlah
#0 /var/www/html/APIBaznas/app/Controllers/APIPembayaranOnline.php(46): CodeIgniter\Debug\Exceptions->errorHandler()
#1 /var/www/html/APIBaznas/system/CodeIgniter.php(825): App\Controllers\APIPembayaranOnline->create()
#2 /var/www/html/APIBaznas/system/CodeIgniter.php(412): CodeIgniter\CodeIgniter->runController()
#3 /var/www/html/APIBaznas/system/CodeIgniter.php(320): CodeIgniter\CodeIgniter->handleRequest()
#4 /var/www/html/APIBaznas/public/index.php(37): CodeIgniter\CodeIgniter->run()
#5 /var/www/html/APIBaznas/system/Commands/Server/rewrite.php(43): require_once('...')
#6 {main}
CRITICAL - 2022-06-10 02:52:14 --> Undefined property: stdClass::$jumlah
#0 /var/www/html/APIBaznas/app/Controllers/APIPembayaranOnline.php(46): CodeIgniter\Debug\Exceptions->errorHandler()
#1 /var/www/html/APIBaznas/system/CodeIgniter.php(825): App\Controllers\APIPembayaranOnline->create()
#2 /var/www/html/APIBaznas/system/CodeIgniter.php(412): CodeIgniter\CodeIgniter->runController()
#3 /var/www/html/APIBaznas/system/CodeIgniter.php(320): CodeIgniter\CodeIgniter->handleRequest()
#4 /var/www/html/APIBaznas/public/index.php(37): CodeIgniter\CodeIgniter->run()
#5 /var/www/html/APIBaznas/system/Commands/Server/rewrite.php(43): require_once('...')
#6 {main}
CRITICAL - 2022-06-10 02:52:54 --> Undefined property: stdClass::$jumlah
#0 /var/www/html/APIBaznas/app/Controllers/APIPembayaranOnline.php(46): CodeIgniter\Debug\Exceptions->errorHandler()
#1 /var/www/html/APIBaznas/system/CodeIgniter.php(825): App\Controllers\APIPembayaranOnline->create()
#2 /var/www/html/APIBaznas/system/CodeIgniter.php(412): CodeIgniter\CodeIgniter->runController()
#3 /var/www/html/APIBaznas/system/CodeIgniter.php(320): CodeIgniter\CodeIgniter->handleRequest()
#4 /var/www/html/APIBaznas/public/index.php(37): CodeIgniter\CodeIgniter->run()
#5 /var/www/html/APIBaznas/system/Commands/Server/rewrite.php(43): require_once('...')
#6 {main}
CRITICAL - 2022-06-10 02:56:22 --> Undefined property: stdClass::$jumlah
#0 /var/www/html/APIBaznas/app/Controllers/APIPembayaranOnline.php(46): CodeIgniter\Debug\Exceptions->errorHandler()
#1 /var/www/html/APIBaznas/system/CodeIgniter.php(825): App\Controllers\APIPembayaranOnline->create()
#2 /var/www/html/APIBaznas/system/CodeIgniter.php(412): CodeIgniter\CodeIgniter->runController()
#3 /var/www/html/APIBaznas/system/CodeIgniter.php(320): CodeIgniter\CodeIgniter->handleRequest()
#4 /var/www/html/APIBaznas/public/index.php(37): CodeIgniter\CodeIgniter->run()
#5 /var/www/html/APIBaznas/system/Commands/Server/rewrite.php(43): require_once('...')
#6 {main}
CRITICAL - 2022-06-10 02:57:30 --> Undefined property: stdClass::$jumlah
#0 /var/www/html/APIBaznas/app/Controllers/APIPembayaranOnline.php(46): CodeIgniter\Debug\Exceptions->errorHandler()
#1 /var/www/html/APIBaznas/system/CodeIgniter.php(825): App\Controllers\APIPembayaranOnline->create()
#2 /var/www/html/APIBaznas/system/CodeIgniter.php(412): CodeIgniter\CodeIgniter->runController()
#3 /var/www/html/APIBaznas/system/CodeIgniter.php(320): CodeIgniter\CodeIgniter->handleRequest()
#4 /var/www/html/APIBaznas/public/index.php(37): CodeIgniter\CodeIgniter->run()
#5 /var/www/html/APIBaznas/system/Commands/Server/rewrite.php(43): require_once('...')
#6 {main}
CRITICAL - 2022-06-10 02:59:46 --> Undefined property: stdClass::$jumlah
#0 /var/www/html/APIBaznas/app/Controllers/APIPembayaranOnline.php(46): CodeIgniter\Debug\Exceptions->errorHandler()
#1 /var/www/html/APIBaznas/system/CodeIgniter.php(825): App\Controllers\APIPembayaranOnline->create()
#2 /var/www/html/APIBaznas/system/CodeIgniter.php(412): CodeIgniter\CodeIgniter->runController()
#3 /var/www/html/APIBaznas/system/CodeIgniter.php(320): CodeIgniter\CodeIgniter->handleRequest()
#4 /var/www/html/APIBaznas/public/index.php(37): CodeIgniter\CodeIgniter->run()
#5 /var/www/html/APIBaznas/system/Commands/Server/rewrite.php(43): require_once('...')
#6 {main}
CRITICAL - 2022-06-10 03:00:26 --> Undefined property: stdClass::$jumlah
#0 /var/www/html/APIBaznas/app/Controllers/APIPembayaranOnline.php(46): CodeIgniter\Debug\Exceptions->errorHandler()
#1 /var/www/html/APIBaznas/system/CodeIgniter.php(825): App\Controllers\APIPembayaranOnline->create()
#2 /var/www/html/APIBaznas/system/CodeIgniter.php(412): CodeIgniter\CodeIgniter->runController()
#3 /var/www/html/APIBaznas/system/CodeIgniter.php(320): CodeIgniter\CodeIgniter->handleRequest()
#4 /var/www/html/APIBaznas/public/index.php(37): CodeIgniter\CodeIgniter->run()
#5 /var/www/html/APIBaznas/system/Commands/Server/rewrite.php(43): require_once('...')
#6 {main}
CRITICAL - 2022-06-10 03:00:58 --> Undefined property: stdClass::$jumlah
#0 /var/www/html/APIBaznas/app/Controllers/APIPembayaranOnline.php(46): CodeIgniter\Debug\Exceptions->errorHandler()
#1 /var/www/html/APIBaznas/system/CodeIgniter.php(825): App\Controllers\APIPembayaranOnline->create()
#2 /var/www/html/APIBaznas/system/CodeIgniter.php(412): CodeIgniter\CodeIgniter->runController()
#3 /var/www/html/APIBaznas/system/CodeIgniter.php(320): CodeIgniter\CodeIgniter->handleRequest()
#4 /var/www/html/APIBaznas/public/index.php(37): CodeIgniter\CodeIgniter->run()
#5 /var/www/html/APIBaznas/system/Commands/Server/rewrite.php(43): require_once('...')
#6 {main}
CRITICAL - 2022-06-10 03:03:09 --> Undefined property: stdClass::$jumlah
#0 /var/www/html/APIBaznas/app/Controllers/APIPembayaranOnline.php(46): CodeIgniter\Debug\Exceptions->errorHandler()
#1 /var/www/html/APIBaznas/system/CodeIgniter.php(825): App\Controllers\APIPembayaranOnline->create()
#2 /var/www/html/APIBaznas/system/CodeIgniter.php(412): CodeIgniter\CodeIgniter->runController()
#3 /var/www/html/APIBaznas/system/CodeIgniter.php(320): CodeIgniter\CodeIgniter->handleRequest()
#4 /var/www/html/APIBaznas/public/index.php(37): CodeIgniter\CodeIgniter->run()
#5 /var/www/html/APIBaznas/system/Commands/Server/rewrite.php(43): require_once('...')
#6 {main}
CRITICAL - 2022-06-10 04:32:58 --> Undefined property: stdClass::$jumlah
#0 /var/www/html/APIBaznas/app/Controllers/APIPembayaranOnline.php(46): CodeIgniter\Debug\Exceptions->errorHandler()
#1 /var/www/html/APIBaznas/system/CodeIgniter.php(825): App\Controllers\APIPembayaranOnline->create()
#2 /var/www/html/APIBaznas/system/CodeIgniter.php(412): CodeIgniter\CodeIgniter->runController()
#3 /var/www/html/APIBaznas/system/CodeIgniter.php(320): CodeIgniter\CodeIgniter->handleRequest()
#4 /var/www/html/APIBaznas/public/index.php(37): CodeIgniter\CodeIgniter->run()
#5 /var/www/html/APIBaznas/system/Commands/Server/rewrite.php(43): require_once('...')
#6 {main}
CRITICAL - 2022-06-10 04:33:49 --> Undefined property: stdClass::$jumlah
#0 /var/www/html/APIBaznas/app/Controllers/APIPembayaranOnline.php(46): CodeIgniter\Debug\Exceptions->errorHandler()
#1 /var/www/html/APIBaznas/system/CodeIgniter.php(825): App\Controllers\APIPembayaranOnline->create()
#2 /var/www/html/APIBaznas/system/CodeIgniter.php(412): CodeIgniter\CodeIgniter->runController()
#3 /var/www/html/APIBaznas/system/CodeIgniter.php(320): CodeIgniter\CodeIgniter->handleRequest()
#4 /var/www/html/APIBaznas/public/index.php(37): CodeIgniter\CodeIgniter->run()
#5 /var/www/html/APIBaznas/system/Commands/Server/rewrite.php(43): require_once('...')
#6 {main}
CRITICAL - 2022-06-10 05:27:23 --> Undefined property: stdClass::$jumlah
#0 /var/www/html/APIBaznas/app/Controllers/APIPembayaranOnline.php(46): CodeIgniter\Debug\Exceptions->errorHandler()
#1 /var/www/html/APIBaznas/system/CodeIgniter.php(825): App\Controllers\APIPembayaranOnline->create()
#2 /var/www/html/APIBaznas/system/CodeIgniter.php(412): CodeIgniter\CodeIgniter->runController()
#3 /var/www/html/APIBaznas/system/CodeIgniter.php(320): CodeIgniter\CodeIgniter->handleRequest()
#4 /var/www/html/APIBaznas/public/index.php(37): CodeIgniter\CodeIgniter->run()
#5 /var/www/html/APIBaznas/system/Commands/Server/rewrite.php(43): require_once('...')
#6 {main}
CRITICAL - 2022-06-10 05:29:27 --> Undefined property: stdClass::$jumlah
#0 /var/www/html/APIBaznas/app/Controllers/APIPembayaranOnline.php(46): CodeIgniter\Debug\Exceptions->errorHandler()
#1 /var/www/html/APIBaznas/system/CodeIgniter.php(825): App\Controllers\APIPembayaranOnline->create()
#2 /var/www/html/APIBaznas/system/CodeIgniter.php(412): CodeIgniter\CodeIgniter->runController()
#3 /var/www/html/APIBaznas/system/CodeIgniter.php(320): CodeIgniter\CodeIgniter->handleRequest()
#4 /var/www/html/APIBaznas/public/index.php(37): CodeIgniter\CodeIgniter->run()
#5 /var/www/html/APIBaznas/system/Commands/Server/rewrite.php(43): require_once('...')
#6 {main}
CRITICAL - 2022-06-10 22:08:04 --> Undefined property: stdClass::$jumlah
#0 /var/www/html/APIBaznas/app/Controllers/APIPembayaranOnline.php(46): CodeIgniter\Debug\Exceptions->errorHandler()
#1 /var/www/html/APIBaznas/system/CodeIgniter.php(825): App\Controllers\APIPembayaranOnline->create()
#2 /var/www/html/APIBaznas/system/CodeIgniter.php(412): CodeIgniter\CodeIgniter->runController()
#3 /var/www/html/APIBaznas/system/CodeIgniter.php(320): CodeIgniter\CodeIgniter->handleRequest()
#4 /var/www/html/APIBaznas/public/index.php(37): CodeIgniter\CodeIgniter->run()
#5 /var/www/html/APIBaznas/system/Commands/Server/rewrite.php(43): require_once('...')
#6 {main}
CRITICAL - 2022-06-10 22:09:50 --> Undefined property: stdClass::$jumlah
#0 /var/www/html/APIBaznas/app/Controllers/APIPembayaranOnline.php(46): CodeIgniter\Debug\Exceptions->errorHandler()
#1 /var/www/html/APIBaznas/system/CodeIgniter.php(825): App\Controllers\APIPembayaranOnline->create()
#2 /var/www/html/APIBaznas/system/CodeIgniter.php(412): CodeIgniter\CodeIgniter->runController()
#3 /var/www/html/APIBaznas/system/CodeIgniter.php(320): CodeIgniter\CodeIgniter->handleRequest()
#4 /var/www/html/APIBaznas/public/index.php(37): CodeIgniter\CodeIgniter->run()
#5 /var/www/html/APIBaznas/system/Commands/Server/rewrite.php(43): require_once('...')
#6 {main}
CRITICAL - 2022-06-10 22:26:10 --> Undefined property: stdClass::$jumlah
#0 /var/www/html/APIBaznas/app/Controllers/APIPembayaranOnline.php(46): CodeIgniter\Debug\Exceptions->errorHandler()
#1 /var/www/html/APIBaznas/system/CodeIgniter.php(825): App\Controllers\APIPembayaranOnline->create()
#2 /var/www/html/APIBaznas/system/CodeIgniter.php(412): CodeIgniter\CodeIgniter->runController()
#3 /var/www/html/APIBaznas/system/CodeIgniter.php(320): CodeIgniter\CodeIgniter->handleRequest()
#4 /var/www/html/APIBaznas/public/index.php(37): CodeIgniter\CodeIgniter->run()
#5 /var/www/html/APIBaznas/system/Commands/Server/rewrite.php(43): require_once('...')
#6 {main}
CRITICAL - 2022-06-10 22:28:06 --> Undefined property: stdClass::$jumlah
#0 /var/www/html/APIBaznas/app/Controllers/APIPembayaranOnline.php(46): CodeIgniter\Debug\Exceptions->errorHandler()
#1 /var/www/html/APIBaznas/system/CodeIgniter.php(825): App\Controllers\APIPembayaranOnline->create()
#2 /var/www/html/APIBaznas/system/CodeIgniter.php(412): CodeIgniter\CodeIgniter->runController()
#3 /var/www/html/APIBaznas/system/CodeIgniter.php(320): CodeIgniter\CodeIgniter->handleRequest()
#4 /var/www/html/APIBaznas/public/index.php(37): CodeIgniter\CodeIgniter->run()
#5 /var/www/html/APIBaznas/system/Commands/Server/rewrite.php(43): require_once('...')
#6 {main}
CRITICAL - 2022-06-10 22:36:28 --> Undefined property: stdClass::$jumlah
#0 /var/www/html/APIBaznas/app/Controllers/APIPembayaranOnline.php(46): CodeIgniter\Debug\Exceptions->errorHandler()
#1 /var/www/html/APIBaznas/system/CodeIgniter.php(825): App\Controllers\APIPembayaranOnline->create()
#2 /var/www/html/APIBaznas/system/CodeIgniter.php(412): CodeIgniter\CodeIgniter->runController()
#3 /var/www/html/APIBaznas/system/CodeIgniter.php(320): CodeIgniter\CodeIgniter->handleRequest()
#4 /var/www/html/APIBaznas/public/index.php(37): CodeIgniter\CodeIgniter->run()
#5 /var/www/html/APIBaznas/system/Commands/Server/rewrite.php(43): require_once('...')
#6 {main}
CRITICAL - 2022-06-10 22:37:41 --> Undefined property: stdClass::$jumlah
#0 /var/www/html/APIBaznas/app/Controllers/APIPembayaranOnline.php(46): CodeIgniter\Debug\Exceptions->errorHandler()
#1 /var/www/html/APIBaznas/system/CodeIgniter.php(825): App\Controllers\APIPembayaranOnline->create()
#2 /var/www/html/APIBaznas/system/CodeIgniter.php(412): CodeIgniter\CodeIgniter->runController()
#3 /var/www/html/APIBaznas/system/CodeIgniter.php(320): CodeIgniter\CodeIgniter->handleRequest()
#4 /var/www/html/APIBaznas/public/index.php(37): CodeIgniter\CodeIgniter->run()
#5 /var/www/html/APIBaznas/system/Commands/Server/rewrite.php(43): require_once('...')
#6 {main}
CRITICAL - 2022-06-10 23:27:56 --> Undefined property: stdClass::$jumlah
#0 /var/www/html/APIBaznas/app/Controllers/APIPembayaranOnline.php(46): CodeIgniter\Debug\Exceptions->errorHandler()
#1 /var/www/html/APIBaznas/system/CodeIgniter.php(825): App\Controllers\APIPembayaranOnline->create()
#2 /var/www/html/APIBaznas/system/CodeIgniter.php(412): CodeIgniter\CodeIgniter->runController()
#3 /var/www/html/APIBaznas/system/CodeIgniter.php(320): CodeIgniter\CodeIgniter->handleRequest()
#4 /var/www/html/APIBaznas/public/index.php(37): CodeIgniter\CodeIgniter->run()
#5 /var/www/html/APIBaznas/system/Commands/Server/rewrite.php(43): require_once('...')
#6 {main}
CRITICAL - 2022-06-10 23:29:57 --> Undefined property: stdClass::$jumlah
#0 /var/www/html/APIBaznas/app/Controllers/APIPembayaranOnline.php(46): CodeIgniter\Debug\Exceptions->errorHandler()
#1 /var/www/html/APIBaznas/system/CodeIgniter.php(825): App\Controllers\APIPembayaranOnline->create()
#2 /var/www/html/APIBaznas/system/CodeIgniter.php(412): CodeIgniter\CodeIgniter->runController()
#3 /var/www/html/APIBaznas/system/CodeIgniter.php(320): CodeIgniter\CodeIgniter->handleRequest()
#4 /var/www/html/APIBaznas/public/index.php(37): CodeIgniter\CodeIgniter->run()
#5 /var/www/html/APIBaznas/system/Commands/Server/rewrite.php(43): require_once('...')
#6 {main}
