CRITICAL - 2023-02-13 00:53:15 --> Class "App\Controllers\CURLFILE" not found
#0 C:\xampp\htdocs\APIDesaDigital\core\system\CodeIgniter.php(825): App\Controllers\ProsesSurat->surat('1234567890', '17')
#1 C:\xampp\htdocs\APIDesaDigital\core\system\CodeIgniter.php(412): CodeIgniter\CodeIgniter->runController(Object(App\Controllers\ProsesSurat))
#2 C:\xampp\htdocs\APIDesaDigital\core\system\CodeIgniter.php(320): CodeIgniter\CodeIgniter->handleRequest(NULL, Object(Config\Cache), false)
#3 C:\xampp\htdocs\APIDesaDigital\index.php(37): CodeIgniter\CodeIgniter->run()
#4 {main}
CRITICAL - 2023-02-13 00:57:54 --> Undefined variable $dompdf
#0 C:\xampp\htdocs\APIDesaDigital\core\app\Controllers\ProsesSurat.php(36): CodeIgniter\Debug\Exceptions->errorHandler(2, 'Undefined varia...', 'C:\\xampp\\htdocs...', 36)
#1 C:\xampp\htdocs\APIDesaDigital\core\system\CodeIgniter.php(825): App\Controllers\ProsesSurat->surat('1234567890', '17')
#2 C:\xampp\htdocs\APIDesaDigital\core\system\CodeIgniter.php(412): CodeIgniter\CodeIgniter->runController(Object(App\Controllers\ProsesSurat))
#3 C:\xampp\htdocs\APIDesaDigital\core\system\CodeIgniter.php(320): CodeIgniter\CodeIgniter->handleRequest(NULL, Object(Config\Cache), false)
#4 C:\xampp\htdocs\APIDesaDigital\index.php(37): CodeIgniter\CodeIgniter->run()
#5 {main}
CRITICAL - 2023-02-13 00:57:54 --> Uncaught ErrorException: Cannot modify header information - headers already sent in C:\xampp\htdocs\APIDesaDigital\core\system\Debug\Exceptions.php:112
Stack trace:
#0 [internal function]: CodeIgniter\Debug\Exceptions->errorHandler(2, 'Cannot modify h...', 'C:\\xampp\\htdocs...', 112)
#1 C:\xampp\htdocs\APIDesaDigital\core\system\Debug\Exceptions.php(112): header('HTTP/1.1 500 In...', true, 500)
#2 [internal function]: CodeIgniter\Debug\Exceptions->exceptionHandler(Object(ErrorException))
#3 {main}
  thrown
#0 [internal function]: CodeIgniter\Debug\Exceptions->shutdownHandler()
#1 {main}
CRITICAL - 2023-02-13 00:58:19 --> Undefined variable $dompdf
#0 C:\xampp\htdocs\APIDesaDigital\core\app\Controllers\ProsesSurat.php(33): CodeIgniter\Debug\Exceptions->errorHandler(2, 'Undefined varia...', 'C:\\xampp\\htdocs...', 33)
#1 C:\xampp\htdocs\APIDesaDigital\core\system\CodeIgniter.php(825): App\Controllers\ProsesSurat->surat('1234567890', '17')
#2 C:\xampp\htdocs\APIDesaDigital\core\system\CodeIgniter.php(412): CodeIgniter\CodeIgniter->runController(Object(App\Controllers\ProsesSurat))
#3 C:\xampp\htdocs\APIDesaDigital\core\system\CodeIgniter.php(320): CodeIgniter\CodeIgniter->handleRequest(NULL, Object(Config\Cache), false)
#4 C:\xampp\htdocs\APIDesaDigital\index.php(37): CodeIgniter\CodeIgniter->run()
#5 {main}
CRITICAL - 2023-02-13 02:41:00 --> Undefined variable $cFile
#0 C:\xampp\htdocs\APIDesaDigital\core\app\Libraries\Pdfgenerator.php(32): CodeIgniter\Debug\Exceptions->errorHandler(2, 'Undefined varia...', 'C:\\xampp\\htdocs...', 32)
#1 C:\xampp\htdocs\APIDesaDigital\core\app\Controllers\ProsesSurat.php(34): App\Libraries\Pdfgenerator->generate('<!-- DEBUG-VIEW...', 'laporan_penjual...', 'A4', 'portrait')
#2 C:\xampp\htdocs\APIDesaDigital\core\system\CodeIgniter.php(825): App\Controllers\ProsesSurat->surat('1234567890', '18')
#3 C:\xampp\htdocs\APIDesaDigital\core\system\CodeIgniter.php(412): CodeIgniter\CodeIgniter->runController(Object(App\Controllers\ProsesSurat))
#4 C:\xampp\htdocs\APIDesaDigital\core\system\CodeIgniter.php(320): CodeIgniter\CodeIgniter->handleRequest(NULL, Object(Config\Cache), false)
#5 C:\xampp\htdocs\APIDesaDigital\index.php(37): CodeIgniter\CodeIgniter->run()
#6 {main}
CRITICAL - 2023-02-13 03:06:33 --> Cannot access offset of type string on string
#0 C:\xampp\htdocs\APIDesaDigital\core\app\Controllers\ProsesSurat.php(34): App\Libraries\Pdfgenerator->generate('<!-- DEBUG-VIEW...', 'laporan_penjual...', 'A4', 'portrait')
#1 C:\xampp\htdocs\APIDesaDigital\core\system\CodeIgniter.php(825): App\Controllers\ProsesSurat->surat('1234567890', '18')
#2 C:\xampp\htdocs\APIDesaDigital\core\system\CodeIgniter.php(412): CodeIgniter\CodeIgniter->runController(Object(App\Controllers\ProsesSurat))
#3 C:\xampp\htdocs\APIDesaDigital\core\system\CodeIgniter.php(320): CodeIgniter\CodeIgniter->handleRequest(NULL, Object(Config\Cache), false)
#4 C:\xampp\htdocs\APIDesaDigital\index.php(37): CodeIgniter\CodeIgniter->run()
#5 {main}
CRITICAL - 2023-02-13 03:07:06 --> Attempt to read property "base64_signed_file" on string
#0 C:\xampp\htdocs\APIDesaDigital\core\app\Libraries\Pdfgenerator.php(52): CodeIgniter\Debug\Exceptions->errorHandler(2, 'Attempt to read...', 'C:\\xampp\\htdocs...', 52)
#1 C:\xampp\htdocs\APIDesaDigital\core\app\Controllers\ProsesSurat.php(34): App\Libraries\Pdfgenerator->generate('<!-- DEBUG-VIEW...', 'laporan_penjual...', 'A4', 'portrait')
#2 C:\xampp\htdocs\APIDesaDigital\core\system\CodeIgniter.php(825): App\Controllers\ProsesSurat->surat('1234567890', '18')
#3 C:\xampp\htdocs\APIDesaDigital\core\system\CodeIgniter.php(412): CodeIgniter\CodeIgniter->runController(Object(App\Controllers\ProsesSurat))
#4 C:\xampp\htdocs\APIDesaDigital\core\system\CodeIgniter.php(320): CodeIgniter\CodeIgniter->handleRequest(NULL, Object(Config\Cache), false)
#5 C:\xampp\htdocs\APIDesaDigital\index.php(37): CodeIgniter\CodeIgniter->run()
#6 {main}
CRITICAL - 2023-02-13 03:07:14 --> syntax error, unexpected single-quoted string "base64_signed_file", expecting identifier or variable or "{" or "$"
#0 C:\xampp\htdocs\APIDesaDigital\core\system\Autoloader\Autoloader.php(241): CodeIgniter\Autoloader\Autoloader->includeFile('C:\\xampp\\htdocs...')
#1 C:\xampp\htdocs\APIDesaDigital\core\system\Autoloader\Autoloader.php(219): CodeIgniter\Autoloader\Autoloader->loadInNamespace('App\\Libraries\\P...')
#2 C:\xampp\htdocs\APIDesaDigital\core\app\Controllers\ProsesSurat.php(23): CodeIgniter\Autoloader\Autoloader->loadClass('App\\Libraries\\P...')
#3 C:\xampp\htdocs\APIDesaDigital\core\system\CodeIgniter.php(825): App\Controllers\ProsesSurat->surat('1234567890', '18')
#4 C:\xampp\htdocs\APIDesaDigital\core\system\CodeIgniter.php(412): CodeIgniter\CodeIgniter->runController(Object(App\Controllers\ProsesSurat))
#5 C:\xampp\htdocs\APIDesaDigital\core\system\CodeIgniter.php(320): CodeIgniter\CodeIgniter->handleRequest(NULL, Object(Config\Cache), false)
#6 C:\xampp\htdocs\APIDesaDigital\index.php(37): CodeIgniter\CodeIgniter->run()
#7 {main}
CRITICAL - 2023-02-13 03:08:13 --> Cannot access offset of type string on string
#0 C:\xampp\htdocs\APIDesaDigital\core\app\Controllers\ProsesSurat.php(34): App\Libraries\Pdfgenerator->generate('<!-- DEBUG-VIEW...', 'laporan_penjual...', 'A4', 'portrait')
#1 C:\xampp\htdocs\APIDesaDigital\core\system\CodeIgniter.php(825): App\Controllers\ProsesSurat->surat('1234567890', '18')
#2 C:\xampp\htdocs\APIDesaDigital\core\system\CodeIgniter.php(412): CodeIgniter\CodeIgniter->runController(Object(App\Controllers\ProsesSurat))
#3 C:\xampp\htdocs\APIDesaDigital\core\system\CodeIgniter.php(320): CodeIgniter\CodeIgniter->handleRequest(NULL, Object(Config\Cache), false)
#4 C:\xampp\htdocs\APIDesaDigital\index.php(37): CodeIgniter\CodeIgniter->run()
#5 {main}
CRITICAL - 2023-02-13 03:08:35 --> syntax error, unexpected single-quoted string "id_dokumen", expecting identifier or variable or "{" or "$"
#0 C:\xampp\htdocs\APIDesaDigital\core\system\Autoloader\Autoloader.php(241): CodeIgniter\Autoloader\Autoloader->includeFile('C:\\xampp\\htdocs...')
#1 C:\xampp\htdocs\APIDesaDigital\core\system\Autoloader\Autoloader.php(219): CodeIgniter\Autoloader\Autoloader->loadInNamespace('App\\Libraries\\P...')
#2 C:\xampp\htdocs\APIDesaDigital\core\app\Controllers\ProsesSurat.php(23): CodeIgniter\Autoloader\Autoloader->loadClass('App\\Libraries\\P...')
#3 C:\xampp\htdocs\APIDesaDigital\core\system\CodeIgniter.php(825): App\Controllers\ProsesSurat->surat('1234567890', '18')
#4 C:\xampp\htdocs\APIDesaDigital\core\system\CodeIgniter.php(412): CodeIgniter\CodeIgniter->runController(Object(App\Controllers\ProsesSurat))
#5 C:\xampp\htdocs\APIDesaDigital\core\system\CodeIgniter.php(320): CodeIgniter\CodeIgniter->handleRequest(NULL, Object(Config\Cache), false)
#6 C:\xampp\htdocs\APIDesaDigital\index.php(37): CodeIgniter\CodeIgniter->run()
#7 {main}
CRITICAL - 2023-02-13 03:24:49 --> Attempt to read property "base64_signed_file" on null
#0 C:\xampp\htdocs\APIDesaDigital\core\app\Libraries\Pdfgenerator.php(53): CodeIgniter\Debug\Exceptions->errorHandler(2, 'Attempt to read...', 'C:\\xampp\\htdocs...', 53)
#1 C:\xampp\htdocs\APIDesaDigital\core\app\Controllers\ProsesSurat.php(34): App\Libraries\Pdfgenerator->generate('<!-- DEBUG-VIEW...', 'laporan_penjual...', 'A4', 'portrait')
#2 C:\xampp\htdocs\APIDesaDigital\core\system\CodeIgniter.php(825): App\Controllers\ProsesSurat->surat('1234567890', '18')
#3 C:\xampp\htdocs\APIDesaDigital\core\system\CodeIgniter.php(412): CodeIgniter\CodeIgniter->runController(Object(App\Controllers\ProsesSurat))
#4 C:\xampp\htdocs\APIDesaDigital\core\system\CodeIgniter.php(320): CodeIgniter\CodeIgniter->handleRequest(NULL, Object(Config\Cache), false)
#5 C:\xampp\htdocs\APIDesaDigital\index.php(37): CodeIgniter\CodeIgniter->run()
#6 {main}
CRITICAL - 2023-02-13 03:36:18 --> syntax error, unexpected token ","
#0 C:\xampp\htdocs\APIDesaDigital\core\system\Autoloader\Autoloader.php(241): CodeIgniter\Autoloader\Autoloader->includeFile('C:\\xampp\\htdocs...')
#1 C:\xampp\htdocs\APIDesaDigital\core\system\Autoloader\Autoloader.php(219): CodeIgniter\Autoloader\Autoloader->loadInNamespace('App\\Libraries\\P...')
#2 C:\xampp\htdocs\APIDesaDigital\core\app\Controllers\ProsesSurat.php(23): CodeIgniter\Autoloader\Autoloader->loadClass('App\\Libraries\\P...')
#3 C:\xampp\htdocs\APIDesaDigital\core\system\CodeIgniter.php(825): App\Controllers\ProsesSurat->surat('1234567890', '18')
#4 C:\xampp\htdocs\APIDesaDigital\core\system\CodeIgniter.php(412): CodeIgniter\CodeIgniter->runController(Object(App\Controllers\ProsesSurat))
#5 C:\xampp\htdocs\APIDesaDigital\core\system\CodeIgniter.php(320): CodeIgniter\CodeIgniter->handleRequest(NULL, Object(Config\Cache), false)
#6 C:\xampp\htdocs\APIDesaDigital\index.php(37): CodeIgniter\CodeIgniter->run()
#7 {main}
CRITICAL - 2023-02-13 03:52:35 --> Undefined property: stdClass::$base64_signed_file
#0 C:\xampp\htdocs\APIDesaDigital\core\app\Libraries\Pdfgenerator.php(54): CodeIgniter\Debug\Exceptions->errorHandler(2, 'Undefined prope...', 'C:\\xampp\\htdocs...', 54)
#1 C:\xampp\htdocs\APIDesaDigital\core\app\Controllers\ProsesSurat.php(34): App\Libraries\Pdfgenerator->generate('<!-- DEBUG-VIEW...', 'laporan_penjual...', 'A4', 'portrait')
#2 C:\xampp\htdocs\APIDesaDigital\core\system\CodeIgniter.php(825): App\Controllers\ProsesSurat->surat('1234567890', '18')
#3 C:\xampp\htdocs\APIDesaDigital\core\system\CodeIgniter.php(412): CodeIgniter\CodeIgniter->runController(Object(App\Controllers\ProsesSurat))
#4 C:\xampp\htdocs\APIDesaDigital\core\system\CodeIgniter.php(320): CodeIgniter\CodeIgniter->handleRequest(NULL, Object(Config\Cache), false)
#5 C:\xampp\htdocs\APIDesaDigital\index.php(37): CodeIgniter\CodeIgniter->run()
#6 {main}
CRITICAL - 2023-02-13 03:53:10 --> Undefined property: stdClass::$base64_signed_file
#0 C:\xampp\htdocs\APIDesaDigital\core\app\Libraries\Pdfgenerator.php(54): CodeIgniter\Debug\Exceptions->errorHandler(2, 'Undefined prope...', 'C:\\xampp\\htdocs...', 54)
#1 C:\xampp\htdocs\APIDesaDigital\core\app\Controllers\ProsesSurat.php(34): App\Libraries\Pdfgenerator->generate('<!-- DEBUG-VIEW...', 'laporan_penjual...', 'A4', 'portrait')
#2 C:\xampp\htdocs\APIDesaDigital\core\system\CodeIgniter.php(825): App\Controllers\ProsesSurat->surat('1234567890', '18')
#3 C:\xampp\htdocs\APIDesaDigital\core\system\CodeIgniter.php(412): CodeIgniter\CodeIgniter->runController(Object(App\Controllers\ProsesSurat))
#4 C:\xampp\htdocs\APIDesaDigital\core\system\CodeIgniter.php(320): CodeIgniter\CodeIgniter->handleRequest(NULL, Object(Config\Cache), false)
#5 C:\xampp\htdocs\APIDesaDigital\index.php(37): CodeIgniter\CodeIgniter->run()
#6 {main}
CRITICAL - 2023-02-13 04:07:24 --> Undefined property: stdClass::$base64_signed_file
#0 C:\xampp\htdocs\APIDesaDigital\core\app\Libraries\Pdfgenerator.php(56): CodeIgniter\Debug\Exceptions->errorHandler(2, 'Undefined prope...', 'C:\\xampp\\htdocs...', 56)
#1 C:\xampp\htdocs\APIDesaDigital\core\app\Controllers\ProsesSurat.php(34): App\Libraries\Pdfgenerator->generate('<!-- DEBUG-VIEW...', 'laporan_penjual...', 'A4', 'portrait')
#2 C:\xampp\htdocs\APIDesaDigital\core\system\CodeIgniter.php(825): App\Controllers\ProsesSurat->surat('1234567890', '18')
#3 C:\xampp\htdocs\APIDesaDigital\core\system\CodeIgniter.php(412): CodeIgniter\CodeIgniter->runController(Object(App\Controllers\ProsesSurat))
#4 C:\xampp\htdocs\APIDesaDigital\core\system\CodeIgniter.php(320): CodeIgniter\CodeIgniter->handleRequest(NULL, Object(Config\Cache), false)
#5 C:\xampp\htdocs\APIDesaDigital\index.php(37): CodeIgniter\CodeIgniter->run()
#6 {main}
CRITICAL - 2023-02-13 05:10:21 --> file_put_contents(hasilTerbaruoi.pdf): Failed to open stream: Resource temporarily unavailable
#0 [internal function]: CodeIgniter\Debug\Exceptions->errorHandler(2, 'file_put_conten...', 'C:\\xampp\\htdocs...', 74)
#1 C:\xampp\htdocs\APIDesaDigital\core\app\Controllers\ProsesSurat.php(74): file_put_contents('hasilTerbaruoi....', '%PDF-1.7\n1 0 ob...')
#2 C:\xampp\htdocs\APIDesaDigital\core\system\CodeIgniter.php(825): App\Controllers\ProsesSurat->surat('1234567890', '18')
#3 C:\xampp\htdocs\APIDesaDigital\core\system\CodeIgniter.php(412): CodeIgniter\CodeIgniter->runController(Object(App\Controllers\ProsesSurat))
#4 C:\xampp\htdocs\APIDesaDigital\core\system\CodeIgniter.php(320): CodeIgniter\CodeIgniter->handleRequest(NULL, Object(Config\Cache), false)
#5 C:\xampp\htdocs\APIDesaDigital\index.php(37): CodeIgniter\CodeIgniter->run()
#6 {main}
CRITICAL - 2023-02-13 05:32:28 --> Undefined variable $cFile2
#0 C:\xampp\htdocs\APIDesaDigital\core\app\Controllers\ProsesSurat.php(44): CodeIgniter\Debug\Exceptions->errorHandler(2, 'Undefined varia...', 'C:\\xampp\\htdocs...', 44)
#1 C:\xampp\htdocs\APIDesaDigital\core\system\CodeIgniter.php(825): App\Controllers\ProsesSurat->surat('1234567890', '18')
#2 C:\xampp\htdocs\APIDesaDigital\core\system\CodeIgniter.php(412): CodeIgniter\CodeIgniter->runController(Object(App\Controllers\ProsesSurat))
#3 C:\xampp\htdocs\APIDesaDigital\core\system\CodeIgniter.php(320): CodeIgniter\CodeIgniter->handleRequest(NULL, Object(Config\Cache), false)
#4 C:\xampp\htdocs\APIDesaDigital\index.php(37): CodeIgniter\CodeIgniter->run()
#5 {main}
CRITICAL - 2023-02-13 05:32:28 --> Uncaught ErrorException: Cannot modify header information - headers already sent in C:\xampp\htdocs\APIDesaDigital\core\system\Debug\Exceptions.php:112
Stack trace:
#0 [internal function]: CodeIgniter\Debug\Exceptions->errorHandler(2, 'Cannot modify h...', 'C:\\xampp\\htdocs...', 112)
#1 C:\xampp\htdocs\APIDesaDigital\core\system\Debug\Exceptions.php(112): header('HTTP/1.1 500 In...', true, 500)
#2 [internal function]: CodeIgniter\Debug\Exceptions->exceptionHandler(Object(ErrorException))
#3 {main}
  thrown
#0 [internal function]: CodeIgniter\Debug\Exceptions->shutdownHandler()
#1 {main}
CRITICAL - 2023-02-13 05:32:37 --> Undefined variable $cFile2
#0 C:\xampp\htdocs\APIDesaDigital\core\app\Controllers\ProsesSurat.php(44): CodeIgniter\Debug\Exceptions->errorHandler(2, 'Undefined varia...', 'C:\\xampp\\htdocs...', 44)
#1 C:\xampp\htdocs\APIDesaDigital\core\system\CodeIgniter.php(825): App\Controllers\ProsesSurat->surat('1234567890', '18')
#2 C:\xampp\htdocs\APIDesaDigital\core\system\CodeIgniter.php(412): CodeIgniter\CodeIgniter->runController(Object(App\Controllers\ProsesSurat))
#3 C:\xampp\htdocs\APIDesaDigital\core\system\CodeIgniter.php(320): CodeIgniter\CodeIgniter->handleRequest(NULL, Object(Config\Cache), false)
#4 C:\xampp\htdocs\APIDesaDigital\index.php(37): CodeIgniter\CodeIgniter->run()
#5 {main}
CRITICAL - 2023-02-13 05:32:37 --> Uncaught ErrorException: Cannot modify header information - headers already sent in C:\xampp\htdocs\APIDesaDigital\core\system\Debug\Exceptions.php:112
Stack trace:
#0 [internal function]: CodeIgniter\Debug\Exceptions->errorHandler(2, 'Cannot modify h...', 'C:\\xampp\\htdocs...', 112)
#1 C:\xampp\htdocs\APIDesaDigital\core\system\Debug\Exceptions.php(112): header('HTTP/1.1 500 In...', true, 500)
#2 [internal function]: CodeIgniter\Debug\Exceptions->exceptionHandler(Object(ErrorException))
#3 {main}
  thrown
#0 [internal function]: CodeIgniter\Debug\Exceptions->shutdownHandler()
#1 {main}
CRITICAL - 2023-02-13 05:34:55 --> Undefined variable $cFile2
#0 C:\xampp\htdocs\APIDesaDigital\core\app\Controllers\ProsesSurat.php(44): CodeIgniter\Debug\Exceptions->errorHandler(2, 'Undefined varia...', 'C:\\xampp\\htdocs...', 44)
#1 C:\xampp\htdocs\APIDesaDigital\core\system\CodeIgniter.php(825): App\Controllers\ProsesSurat->surat('1234567890', '18')
#2 C:\xampp\htdocs\APIDesaDigital\core\system\CodeIgniter.php(412): CodeIgniter\CodeIgniter->runController(Object(App\Controllers\ProsesSurat))
#3 C:\xampp\htdocs\APIDesaDigital\core\system\CodeIgniter.php(320): CodeIgniter\CodeIgniter->handleRequest(NULL, Object(Config\Cache), false)
#4 C:\xampp\htdocs\APIDesaDigital\index.php(37): CodeIgniter\CodeIgniter->run()
#5 {main}
CRITICAL - 2023-02-13 05:34:55 --> Uncaught ErrorException: Cannot modify header information - headers already sent in C:\xampp\htdocs\APIDesaDigital\core\system\Debug\Exceptions.php:112
Stack trace:
#0 [internal function]: CodeIgniter\Debug\Exceptions->errorHandler(2, 'Cannot modify h...', 'C:\\xampp\\htdocs...', 112)
#1 C:\xampp\htdocs\APIDesaDigital\core\system\Debug\Exceptions.php(112): header('HTTP/1.1 500 In...', true, 500)
#2 [internal function]: CodeIgniter\Debug\Exceptions->exceptionHandler(Object(ErrorException))
#3 {main}
  thrown
#0 [internal function]: CodeIgniter\Debug\Exceptions->shutdownHandler()
#1 {main}
CRITICAL - 2023-02-13 05:35:23 --> Undefined variable $cFile2
#0 C:\xampp\htdocs\APIDesaDigital\core\app\Controllers\ProsesSurat.php(44): CodeIgniter\Debug\Exceptions->errorHandler(2, 'Undefined varia...', 'C:\\xampp\\htdocs...', 44)
#1 C:\xampp\htdocs\APIDesaDigital\core\system\CodeIgniter.php(825): App\Controllers\ProsesSurat->surat('1234567890', '18')
#2 C:\xampp\htdocs\APIDesaDigital\core\system\CodeIgniter.php(412): CodeIgniter\CodeIgniter->runController(Object(App\Controllers\ProsesSurat))
#3 C:\xampp\htdocs\APIDesaDigital\core\system\CodeIgniter.php(320): CodeIgniter\CodeIgniter->handleRequest(NULL, Object(Config\Cache), false)
#4 C:\xampp\htdocs\APIDesaDigital\index.php(37): CodeIgniter\CodeIgniter->run()
#5 {main}
CRITICAL - 2023-02-13 05:35:23 --> Uncaught ErrorException: Cannot modify header information - headers already sent in C:\xampp\htdocs\APIDesaDigital\core\system\Debug\Exceptions.php:112
Stack trace:
#0 [internal function]: CodeIgniter\Debug\Exceptions->errorHandler(2, 'Cannot modify h...', 'C:\\xampp\\htdocs...', 112)
#1 C:\xampp\htdocs\APIDesaDigital\core\system\Debug\Exceptions.php(112): header('HTTP/1.1 500 In...', true, 500)
#2 [internal function]: CodeIgniter\Debug\Exceptions->exceptionHandler(Object(ErrorException))
#3 {main}
  thrown
#0 [internal function]: CodeIgniter\Debug\Exceptions->shutdownHandler()
#1 {main}
CRITICAL - 2023-02-13 05:36:27 --> Undefined variable $cFile2
#0 C:\xampp\htdocs\APIDesaDigital\core\app\Controllers\ProsesSurat.php(44): CodeIgniter\Debug\Exceptions->errorHandler(2, 'Undefined varia...', 'C:\\xampp\\htdocs...', 44)
#1 C:\xampp\htdocs\APIDesaDigital\core\system\CodeIgniter.php(825): App\Controllers\ProsesSurat->surat('1234567890', '18')
#2 C:\xampp\htdocs\APIDesaDigital\core\system\CodeIgniter.php(412): CodeIgniter\CodeIgniter->runController(Object(App\Controllers\ProsesSurat))
#3 C:\xampp\htdocs\APIDesaDigital\core\system\CodeIgniter.php(320): CodeIgniter\CodeIgniter->handleRequest(NULL, Object(Config\Cache), false)
#4 C:\xampp\htdocs\APIDesaDigital\index.php(37): CodeIgniter\CodeIgniter->run()
#5 {main}
CRITICAL - 2023-02-13 05:36:27 --> Uncaught ErrorException: Cannot modify header information - headers already sent in C:\xampp\htdocs\APIDesaDigital\core\system\Debug\Exceptions.php:112
Stack trace:
#0 [internal function]: CodeIgniter\Debug\Exceptions->errorHandler(2, 'Cannot modify h...', 'C:\\xampp\\htdocs...', 112)
#1 C:\xampp\htdocs\APIDesaDigital\core\system\Debug\Exceptions.php(112): header('HTTP/1.1 500 In...', true, 500)
#2 [internal function]: CodeIgniter\Debug\Exceptions->exceptionHandler(Object(ErrorException))
#3 {main}
  thrown
#0 [internal function]: CodeIgniter\Debug\Exceptions->shutdownHandler()
#1 {main}
CRITICAL - 2023-02-13 05:37:01 --> Undefined variable $cFile2
#0 C:\xampp\htdocs\APIDesaDigital\core\app\Controllers\ProsesSurat.php(44): CodeIgniter\Debug\Exceptions->errorHandler(2, 'Undefined varia...', 'C:\\xampp\\htdocs...', 44)
#1 C:\xampp\htdocs\APIDesaDigital\core\system\CodeIgniter.php(825): App\Controllers\ProsesSurat->surat('1234567890', '18')
#2 C:\xampp\htdocs\APIDesaDigital\core\system\CodeIgniter.php(412): CodeIgniter\CodeIgniter->runController(Object(App\Controllers\ProsesSurat))
#3 C:\xampp\htdocs\APIDesaDigital\core\system\CodeIgniter.php(320): CodeIgniter\CodeIgniter->handleRequest(NULL, Object(Config\Cache), false)
#4 C:\xampp\htdocs\APIDesaDigital\index.php(37): CodeIgniter\CodeIgniter->run()
#5 {main}
CRITICAL - 2023-02-13 05:37:01 --> Uncaught ErrorException: Cannot modify header information - headers already sent in C:\xampp\htdocs\APIDesaDigital\core\system\Debug\Exceptions.php:112
Stack trace:
#0 [internal function]: CodeIgniter\Debug\Exceptions->errorHandler(2, 'Cannot modify h...', 'C:\\xampp\\htdocs...', 112)
#1 C:\xampp\htdocs\APIDesaDigital\core\system\Debug\Exceptions.php(112): header('HTTP/1.1 500 In...', true, 500)
#2 [internal function]: CodeIgniter\Debug\Exceptions->exceptionHandler(Object(ErrorException))
#3 {main}
  thrown
#0 [internal function]: CodeIgniter\Debug\Exceptions->shutdownHandler()
#1 {main}
CRITICAL - 2023-02-13 05:37:33 --> Undefined variable $cFile2
#0 C:\xampp\htdocs\APIDesaDigital\core\app\Libraries\Pdfgenerator.php(37): CodeIgniter\Debug\Exceptions->errorHandler(2, 'Undefined varia...', 'C:\\xampp\\htdocs...', 37)
#1 C:\xampp\htdocs\APIDesaDigital\core\app\Controllers\ProsesSurat.php(29): App\Libraries\Pdfgenerator->generate('<!-- DEBUG-VIEW...', 'laporan_penjual...', 'A4', 'portrait')
#2 C:\xampp\htdocs\APIDesaDigital\core\system\CodeIgniter.php(825): App\Controllers\ProsesSurat->surat('1234567890', '18')
#3 C:\xampp\htdocs\APIDesaDigital\core\system\CodeIgniter.php(412): CodeIgniter\CodeIgniter->runController(Object(App\Controllers\ProsesSurat))
#4 C:\xampp\htdocs\APIDesaDigital\core\system\CodeIgniter.php(320): CodeIgniter\CodeIgniter->handleRequest(NULL, Object(Config\Cache), false)
#5 C:\xampp\htdocs\APIDesaDigital\index.php(37): CodeIgniter\CodeIgniter->run()
#6 {main}
CRITICAL - 2023-02-13 05:37:33 --> Uncaught ErrorException: Cannot modify header information - headers already sent in C:\xampp\htdocs\APIDesaDigital\core\system\Debug\Exceptions.php:112
Stack trace:
#0 [internal function]: CodeIgniter\Debug\Exceptions->errorHandler(2, 'Cannot modify h...', 'C:\\xampp\\htdocs...', 112)
#1 C:\xampp\htdocs\APIDesaDigital\core\system\Debug\Exceptions.php(112): header('HTTP/1.1 500 In...', true, 500)
#2 [internal function]: CodeIgniter\Debug\Exceptions->exceptionHandler(Object(ErrorException))
#3 {main}
  thrown
#0 [internal function]: CodeIgniter\Debug\Exceptions->shutdownHandler()
#1 {main}
CRITICAL - 2023-02-13 05:39:57 --> Undefined variable $cFile2
#0 C:\xampp\htdocs\APIDesaDigital\core\app\Libraries\Pdfgenerator.php(35): CodeIgniter\Debug\Exceptions->errorHandler(2, 'Undefined varia...', 'C:\\xampp\\htdocs...', 35)
#1 C:\xampp\htdocs\APIDesaDigital\core\app\Controllers\ProsesSurat.php(29): App\Libraries\Pdfgenerator->generate('<!-- DEBUG-VIEW...', 'laporan_penjual...', 'A4', 'portrait')
#2 C:\xampp\htdocs\APIDesaDigital\core\system\CodeIgniter.php(825): App\Controllers\ProsesSurat->surat('1234567890', '18')
#3 C:\xampp\htdocs\APIDesaDigital\core\system\CodeIgniter.php(412): CodeIgniter\CodeIgniter->runController(Object(App\Controllers\ProsesSurat))
#4 C:\xampp\htdocs\APIDesaDigital\core\system\CodeIgniter.php(320): CodeIgniter\CodeIgniter->handleRequest(NULL, Object(Config\Cache), false)
#5 C:\xampp\htdocs\APIDesaDigital\index.php(37): CodeIgniter\CodeIgniter->run()
#6 {main}
CRITICAL - 2023-02-13 20:47:48 --> file_put_contents(berkasAsli/tes.pdf): Failed to open stream: Resource temporarily unavailable
#0 [internal function]: CodeIgniter\Debug\Exceptions->errorHandler(2, 'file_put_conten...', 'C:\\xampp\\htdocs...', 20)
#1 C:\xampp\htdocs\APIDesaDigital\core\app\Libraries\Pdfgenerator.php(20): file_put_contents('berkasAsli/tes....', '%PDF-1.7\n1 0 ob...')
#2 C:\xampp\htdocs\APIDesaDigital\core\app\Controllers\ProsesSurat.php(29): App\Libraries\Pdfgenerator->generate('<!-- DEBUG-VIEW...', 'laporan_penjual...', 'A4', 'portrait')
#3 C:\xampp\htdocs\APIDesaDigital\core\system\CodeIgniter.php(825): App\Controllers\ProsesSurat->surat('1234567890', '17')
#4 C:\xampp\htdocs\APIDesaDigital\core\system\CodeIgniter.php(412): CodeIgniter\CodeIgniter->runController(Object(App\Controllers\ProsesSurat))
#5 C:\xampp\htdocs\APIDesaDigital\core\system\CodeIgniter.php(320): CodeIgniter\CodeIgniter->handleRequest(NULL, Object(Config\Cache), false)
#6 C:\xampp\htdocs\APIDesaDigital\index.php(37): CodeIgniter\CodeIgniter->run()
#7 {main}
CRITICAL - 2023-02-13 20:48:15 --> file_put_contents(berkasAsli/tes.pdf): Failed to open stream: Resource temporarily unavailable
#0 [internal function]: CodeIgniter\Debug\Exceptions->errorHandler(2, 'file_put_conten...', 'C:\\xampp\\htdocs...', 20)
#1 C:\xampp\htdocs\APIDesaDigital\core\app\Libraries\Pdfgenerator.php(20): file_put_contents('berkasAsli/tes....', '%PDF-1.7\n1 0 ob...')
#2 C:\xampp\htdocs\APIDesaDigital\core\app\Controllers\ProsesSurat.php(29): App\Libraries\Pdfgenerator->generate('<!-- DEBUG-VIEW...', 'laporan_penjual...', 'A4', 'portrait')
#3 C:\xampp\htdocs\APIDesaDigital\core\system\CodeIgniter.php(825): App\Controllers\ProsesSurat->surat('1234567890', '18')
#4 C:\xampp\htdocs\APIDesaDigital\core\system\CodeIgniter.php(412): CodeIgniter\CodeIgniter->runController(Object(App\Controllers\ProsesSurat))
#5 C:\xampp\htdocs\APIDesaDigital\core\system\CodeIgniter.php(320): CodeIgniter\CodeIgniter->handleRequest(NULL, Object(Config\Cache), false)
#6 C:\xampp\htdocs\APIDesaDigital\index.php(37): CodeIgniter\CodeIgniter->run()
#7 {main}
CRITICAL - 2023-02-13 20:48:56 --> file_put_contents(berkasTTE/hasilTTE.pdf): Failed to open stream: Resource temporarily unavailable
#0 [internal function]: CodeIgniter\Debug\Exceptions->errorHandler(2, 'file_put_conten...', 'C:\\xampp\\htdocs...', 59)
#1 C:\xampp\htdocs\APIDesaDigital\core\app\Libraries\Pdfgenerator.php(59): file_put_contents('berkasTTE/hasil...', '%PDF-1.7\n1 0 ob...')
#2 C:\xampp\htdocs\APIDesaDigital\core\app\Controllers\ProsesSurat.php(29): App\Libraries\Pdfgenerator->generate('<!-- DEBUG-VIEW...', 'laporan_penjual...', 'A4', 'portrait')
#3 C:\xampp\htdocs\APIDesaDigital\core\system\CodeIgniter.php(825): App\Controllers\ProsesSurat->surat('1234567890', '17')
#4 C:\xampp\htdocs\APIDesaDigital\core\system\CodeIgniter.php(412): CodeIgniter\CodeIgniter->runController(Object(App\Controllers\ProsesSurat))
#5 C:\xampp\htdocs\APIDesaDigital\core\system\CodeIgniter.php(320): CodeIgniter\CodeIgniter->handleRequest(NULL, Object(Config\Cache), false)
#6 C:\xampp\htdocs\APIDesaDigital\index.php(37): CodeIgniter\CodeIgniter->run()
#7 {main}
CRITICAL - 2023-02-13 20:48:56 --> Uncaught ErrorException: Cannot modify header information - headers already sent in C:\xampp\htdocs\APIDesaDigital\core\system\Debug\Exceptions.php:112
Stack trace:
#0 [internal function]: CodeIgniter\Debug\Exceptions->errorHandler(2, 'Cannot modify h...', 'C:\\xampp\\htdocs...', 112)
#1 C:\xampp\htdocs\APIDesaDigital\core\system\Debug\Exceptions.php(112): header('HTTP/1.1 500 In...', true, 500)
#2 [internal function]: CodeIgniter\Debug\Exceptions->exceptionHandler(Object(ErrorException))
#3 {main}
  thrown
#0 [internal function]: CodeIgniter\Debug\Exceptions->shutdownHandler()
#1 {main}
CRITICAL - 2023-02-13 20:55:14 --> file_put_contents(berkasAsli/tes.pdf): Failed to open stream: Resource temporarily unavailable
#0 [internal function]: CodeIgniter\Debug\Exceptions->errorHandler(2, 'file_put_conten...', 'C:\\xampp\\htdocs...', 20)
#1 C:\xampp\htdocs\APIDesaDigital\core\app\Libraries\Pdfgenerator.php(20): file_put_contents('berkasAsli/tes....', '%PDF-1.7\n1 0 ob...')
#2 C:\xampp\htdocs\APIDesaDigital\core\app\Controllers\ProsesSurat.php(29): App\Libraries\Pdfgenerator->generate('<!-- DEBUG-VIEW...', 'laporan_penjual...', 'A4', 'portrait')
#3 C:\xampp\htdocs\APIDesaDigital\core\system\CodeIgniter.php(825): App\Controllers\ProsesSurat->surat('1234567890', '18')
#4 C:\xampp\htdocs\APIDesaDigital\core\system\CodeIgniter.php(412): CodeIgniter\CodeIgniter->runController(Object(App\Controllers\ProsesSurat))
#5 C:\xampp\htdocs\APIDesaDigital\core\system\CodeIgniter.php(320): CodeIgniter\CodeIgniter->handleRequest(NULL, Object(Config\Cache), false)
#6 C:\xampp\htdocs\APIDesaDigital\index.php(37): CodeIgniter\CodeIgniter->run()
#7 {main}
CRITICAL - 2023-02-13 20:55:20 --> file_put_contents(berkasAsli/tes.pdf): Failed to open stream: Resource temporarily unavailable
#0 [internal function]: CodeIgniter\Debug\Exceptions->errorHandler(2, 'file_put_conten...', 'C:\\xampp\\htdocs...', 20)
#1 C:\xampp\htdocs\APIDesaDigital\core\app\Libraries\Pdfgenerator.php(20): file_put_contents('berkasAsli/tes....', '%PDF-1.7\n1 0 ob...')
#2 C:\xampp\htdocs\APIDesaDigital\core\app\Controllers\ProsesSurat.php(29): App\Libraries\Pdfgenerator->generate('<!-- DEBUG-VIEW...', 'laporan_penjual...', 'A4', 'portrait')
#3 C:\xampp\htdocs\APIDesaDigital\core\system\CodeIgniter.php(825): App\Controllers\ProsesSurat->surat('1234567890', '18')
#4 C:\xampp\htdocs\APIDesaDigital\core\system\CodeIgniter.php(412): CodeIgniter\CodeIgniter->runController(Object(App\Controllers\ProsesSurat))
#5 C:\xampp\htdocs\APIDesaDigital\core\system\CodeIgniter.php(320): CodeIgniter\CodeIgniter->handleRequest(NULL, Object(Config\Cache), false)
#6 C:\xampp\htdocs\APIDesaDigital\index.php(37): CodeIgniter\CodeIgniter->run()
#7 {main}
CRITICAL - 2023-02-13 20:55:25 --> file_put_contents(berkasAsli/tes.pdf): Failed to open stream: Resource temporarily unavailable
#0 [internal function]: CodeIgniter\Debug\Exceptions->errorHandler(2, 'file_put_conten...', 'C:\\xampp\\htdocs...', 20)
#1 C:\xampp\htdocs\APIDesaDigital\core\app\Libraries\Pdfgenerator.php(20): file_put_contents('berkasAsli/tes....', '%PDF-1.7\n1 0 ob...')
#2 C:\xampp\htdocs\APIDesaDigital\core\app\Controllers\ProsesSurat.php(29): App\Libraries\Pdfgenerator->generate('<!-- DEBUG-VIEW...', 'laporan_penjual...', 'A4', 'portrait')
#3 C:\xampp\htdocs\APIDesaDigital\core\system\CodeIgniter.php(825): App\Controllers\ProsesSurat->surat('1234567890', '17')
#4 C:\xampp\htdocs\APIDesaDigital\core\system\CodeIgniter.php(412): CodeIgniter\CodeIgniter->runController(Object(App\Controllers\ProsesSurat))
#5 C:\xampp\htdocs\APIDesaDigital\core\system\CodeIgniter.php(320): CodeIgniter\CodeIgniter->handleRequest(NULL, Object(Config\Cache), false)
#6 C:\xampp\htdocs\APIDesaDigital\index.php(37): CodeIgniter\CodeIgniter->run()
#7 {main}
CRITICAL - 2023-02-13 21:07:57 --> file_put_contents(berkasAsli/tes.pdf): Failed to open stream: Resource temporarily unavailable
#0 [internal function]: CodeIgniter\Debug\Exceptions->errorHandler(2, 'file_put_conten...', 'C:\\xampp\\htdocs...', 20)
#1 C:\xampp\htdocs\APIDesaDigital\core\app\Libraries\Pdfgenerator.php(20): file_put_contents('berkasAsli/tes....', '%PDF-1.7\n1 0 ob...')
#2 C:\xampp\htdocs\APIDesaDigital\core\app\Controllers\ProsesSurat.php(29): App\Libraries\Pdfgenerator->generate('<!-- DEBUG-VIEW...', 'laporan_penjual...', 'A4', 'portrait')
#3 C:\xampp\htdocs\APIDesaDigital\core\system\CodeIgniter.php(825): App\Controllers\ProsesSurat->surat('1234567890', '17')
#4 C:\xampp\htdocs\APIDesaDigital\core\system\CodeIgniter.php(412): CodeIgniter\CodeIgniter->runController(Object(App\Controllers\ProsesSurat))
#5 C:\xampp\htdocs\APIDesaDigital\core\system\CodeIgniter.php(320): CodeIgniter\CodeIgniter->handleRequest(NULL, Object(Config\Cache), false)
#6 C:\xampp\htdocs\APIDesaDigital\index.php(37): CodeIgniter\CodeIgniter->run()
#7 {main}
CRITICAL - 2023-02-13 21:08:02 --> file_put_contents(berkasAsli/tes.pdf): Failed to open stream: Resource temporarily unavailable
#0 [internal function]: CodeIgniter\Debug\Exceptions->errorHandler(2, 'file_put_conten...', 'C:\\xampp\\htdocs...', 20)
#1 C:\xampp\htdocs\APIDesaDigital\core\app\Libraries\Pdfgenerator.php(20): file_put_contents('berkasAsli/tes....', '%PDF-1.7\n1 0 ob...')
#2 C:\xampp\htdocs\APIDesaDigital\core\app\Controllers\ProsesSurat.php(29): App\Libraries\Pdfgenerator->generate('<!-- DEBUG-VIEW...', 'laporan_penjual...', 'A4', 'portrait')
#3 C:\xampp\htdocs\APIDesaDigital\core\system\CodeIgniter.php(825): App\Controllers\ProsesSurat->surat('1234567890', '18')
#4 C:\xampp\htdocs\APIDesaDigital\core\system\CodeIgniter.php(412): CodeIgniter\CodeIgniter->runController(Object(App\Controllers\ProsesSurat))
#5 C:\xampp\htdocs\APIDesaDigital\core\system\CodeIgniter.php(320): CodeIgniter\CodeIgniter->handleRequest(NULL, Object(Config\Cache), false)
#6 C:\xampp\htdocs\APIDesaDigital\index.php(37): CodeIgniter\CodeIgniter->run()
#7 {main}
CRITICAL - 2023-02-13 23:31:16 --> file_put_contents(berkasAsli/tes.pdf): Failed to open stream: Resource temporarily unavailable
#0 [internal function]: CodeIgniter\Debug\Exceptions->errorHandler(2, 'file_put_conten...', 'C:\\xampp\\htdocs...', 20)
#1 C:\xampp\htdocs\APIDesaDigital\core\app\Libraries\Pdfgenerator.php(20): file_put_contents('berkasAsli/tes....', '%PDF-1.7\n1 0 ob...')
#2 C:\xampp\htdocs\APIDesaDigital\core\app\Controllers\ProsesSurat.php(29): App\Libraries\Pdfgenerator->generate('<!-- DEBUG-VIEW...', 'laporan_penjual...', 'A4', 'portrait')
#3 C:\xampp\htdocs\APIDesaDigital\core\system\CodeIgniter.php(825): App\Controllers\ProsesSurat->surat('1234567890', '18')
#4 C:\xampp\htdocs\APIDesaDigital\core\system\CodeIgniter.php(412): CodeIgniter\CodeIgniter->runController(Object(App\Controllers\ProsesSurat))
#5 C:\xampp\htdocs\APIDesaDigital\core\system\CodeIgniter.php(320): CodeIgniter\CodeIgniter->handleRequest(NULL, Object(Config\Cache), false)
#6 C:\xampp\htdocs\APIDesaDigital\index.php(37): CodeIgniter\CodeIgniter->run()
#7 {main}
