CRITICAL - 2022-06-08 01:02:36 --> Undefined property: stdClass::$jumlah
#0 /var/www/html/APIBaznas/app/Controllers/APIPembayaranOnline.php(46): CodeIgniter\Debug\Exceptions->errorHandler()
#1 /var/www/html/APIBaznas/system/CodeIgniter.php(825): App\Controllers\APIPembayaranOnline->create()
#2 /var/www/html/APIBaznas/system/CodeIgniter.php(412): CodeIgniter\CodeIgniter->runController()
#3 /var/www/html/APIBaznas/system/CodeIgniter.php(320): CodeIgniter\CodeIgniter->handleRequest()
#4 /var/www/html/APIBaznas/public/index.php(37): CodeIgniter\CodeIgniter->run()
#5 /var/www/html/APIBaznas/system/Commands/Server/rewrite.php(43): require_once('...')
#6 {main}
CRITICAL - 2022-06-08 01:02:53 --> Undefined property: stdClass::$jumlah
#0 /var/www/html/APIBaznas/app/Controllers/APIPembayaranOnline.php(46): CodeIgniter\Debug\Exceptions->errorHandler()
#1 /var/www/html/APIBaznas/system/CodeIgniter.php(825): App\Controllers\APIPembayaranOnline->create()
#2 /var/www/html/APIBaznas/system/CodeIgniter.php(412): CodeIgniter\CodeIgniter->runController()
#3 /var/www/html/APIBaznas/system/CodeIgniter.php(320): CodeIgniter\CodeIgniter->handleRequest()
#4 /var/www/html/APIBaznas/public/index.php(37): CodeIgniter\CodeIgniter->run()
#5 /var/www/html/APIBaznas/system/Commands/Server/rewrite.php(43): require_once('...')
#6 {main}
CRITICAL - 2022-06-08 01:03:03 --> Undefined property: stdClass::$jumlah
#0 /var/www/html/APIBaznas/app/Controllers/APIPembayaranOnline.php(46): CodeIgniter\Debug\Exceptions->errorHandler()
#1 /var/www/html/APIBaznas/system/CodeIgniter.php(825): App\Controllers\APIPembayaranOnline->create()
#2 /var/www/html/APIBaznas/system/CodeIgniter.php(412): CodeIgniter\CodeIgniter->runController()
#3 /var/www/html/APIBaznas/system/CodeIgniter.php(320): CodeIgniter\CodeIgniter->handleRequest()
#4 /var/www/html/APIBaznas/public/index.php(37): CodeIgniter\CodeIgniter->run()
#5 /var/www/html/APIBaznas/system/Commands/Server/rewrite.php(43): require_once('...')
#6 {main}
CRITICAL - 2022-06-08 01:03:41 --> Undefined property: stdClass::$jumlah
#0 /var/www/html/APIBaznas/app/Controllers/APIPembayaranOnline.php(46): CodeIgniter\Debug\Exceptions->errorHandler()
#1 /var/www/html/APIBaznas/system/CodeIgniter.php(825): App\Controllers\APIPembayaranOnline->create()
#2 /var/www/html/APIBaznas/system/CodeIgniter.php(412): CodeIgniter\CodeIgniter->runController()
#3 /var/www/html/APIBaznas/system/CodeIgniter.php(320): CodeIgniter\CodeIgniter->handleRequest()
#4 /var/www/html/APIBaznas/public/index.php(37): CodeIgniter\CodeIgniter->run()
#5 /var/www/html/APIBaznas/system/Commands/Server/rewrite.php(43): require_once('...')
#6 {main}
CRITICAL - 2022-06-08 01:04:01 --> Undefined property: stdClass::$jumlah
#0 /var/www/html/APIBaznas/app/Controllers/APIPembayaranOnline.php(46): CodeIgniter\Debug\Exceptions->errorHandler()
#1 /var/www/html/APIBaznas/system/CodeIgniter.php(825): App\Controllers\APIPembayaranOnline->create()
#2 /var/www/html/APIBaznas/system/CodeIgniter.php(412): CodeIgniter\CodeIgniter->runController()
#3 /var/www/html/APIBaznas/system/CodeIgniter.php(320): CodeIgniter\CodeIgniter->handleRequest()
#4 /var/www/html/APIBaznas/public/index.php(37): CodeIgniter\CodeIgniter->run()
#5 /var/www/html/APIBaznas/system/Commands/Server/rewrite.php(43): require_once('...')
#6 {main}
CRITICAL - 2022-06-08 01:04:58 --> Undefined property: stdClass::$jumlah
#0 /var/www/html/APIBaznas/app/Controllers/APIPembayaranOnline.php(46): CodeIgniter\Debug\Exceptions->errorHandler()
#1 /var/www/html/APIBaznas/system/CodeIgniter.php(825): App\Controllers\APIPembayaranOnline->create()
#2 /var/www/html/APIBaznas/system/CodeIgniter.php(412): CodeIgniter\CodeIgniter->runController()
#3 /var/www/html/APIBaznas/system/CodeIgniter.php(320): CodeIgniter\CodeIgniter->handleRequest()
#4 /var/www/html/APIBaznas/public/index.php(37): CodeIgniter\CodeIgniter->run()
#5 /var/www/html/APIBaznas/system/Commands/Server/rewrite.php(43): require_once('...')
#6 {main}
