ERROR - 2022-03-29 04:14:12 --> Error connecting to the database: No connection could be made because the target machine actively refused it.

CRITICAL - 2022-03-29 04:14:12 --> Unable to connect to the database.
Main connection [MySQLi]: No connection could be made because the target machine actively refused it.

#0 C:\xampp\htdocs\APIBaznas\system\Database\BaseConnection.php(577): CodeIgniter\Database\BaseConnection->initialize()
#1 C:\xampp\htdocs\APIBaznas\system\Database\BaseBuilder.php(1588): CodeIgniter\Database\BaseConnection->query('SELECT *\nFROM `...', Array, false)
#2 C:\xampp\htdocs\APIBaznas\system\Model.php(728): CodeIgniter\Database\BaseBuilder->getWhere(Array)
#3 C:\xampp\htdocs\APIBaznas\app\Controllers\APILogin.php(20): CodeIgniter\Model->__call('getWhere', Array)
#4 C:\xampp\htdocs\APIBaznas\system\CodeIgniter.php(825): App\Controllers\APILogin->create()
#5 C:\xampp\htdocs\APIBaznas\system\CodeIgniter.php(412): CodeIgniter\CodeIgniter->runController(Object(App\Controllers\APILogin))
#6 C:\xampp\htdocs\APIBaznas\system\CodeIgniter.php(320): CodeIgniter\CodeIgniter->handleRequest(NULL, Object(Config\Cache), false)
#7 C:\xampp\htdocs\APIBaznas\public\index.php(37): CodeIgniter\CodeIgniter->run()
#8 C:\xampp\htdocs\APIBaznas\system\Commands\Server\rewrite.php(43): require_once('C:\\xampp\\htdocs...')
#9 {main}
ERROR - 2022-03-29 04:14:26 --> Error connecting to the database: No connection could be made because the target machine actively refused it.

CRITICAL - 2022-03-29 04:14:26 --> Unable to connect to the database.
Main connection [MySQLi]: No connection could be made because the target machine actively refused it.

#0 C:\xampp\htdocs\APIBaznas\system\Database\BaseConnection.php(577): CodeIgniter\Database\BaseConnection->initialize()
#1 C:\xampp\htdocs\APIBaznas\system\Database\BaseBuilder.php(1588): CodeIgniter\Database\BaseConnection->query('SELECT *\nFROM `...', Array, false)
#2 C:\xampp\htdocs\APIBaznas\system\Model.php(728): CodeIgniter\Database\BaseBuilder->getWhere(Array)
#3 C:\xampp\htdocs\APIBaznas\app\Controllers\APILogin.php(20): CodeIgniter\Model->__call('getWhere', Array)
#4 C:\xampp\htdocs\APIBaznas\system\CodeIgniter.php(825): App\Controllers\APILogin->create()
#5 C:\xampp\htdocs\APIBaznas\system\CodeIgniter.php(412): CodeIgniter\CodeIgniter->runController(Object(App\Controllers\APILogin))
#6 C:\xampp\htdocs\APIBaznas\system\CodeIgniter.php(320): CodeIgniter\CodeIgniter->handleRequest(NULL, Object(Config\Cache), false)
#7 C:\xampp\htdocs\APIBaznas\public\index.php(37): CodeIgniter\CodeIgniter->run()
#8 C:\xampp\htdocs\APIBaznas\system\Commands\Server\rewrite.php(43): require_once('C:\\xampp\\htdocs...')
#9 {main}
ERROR - 2022-03-29 04:14:41 --> Error connecting to the database: No connection could be made because the target machine actively refused it.

CRITICAL - 2022-03-29 04:14:41 --> Unable to connect to the database.
Main connection [MySQLi]: No connection could be made because the target machine actively refused it.

#0 C:\xampp\htdocs\APIBaznas\system\Database\BaseConnection.php(577): CodeIgniter\Database\BaseConnection->initialize()
#1 C:\xampp\htdocs\APIBaznas\system\Database\BaseBuilder.php(1588): CodeIgniter\Database\BaseConnection->query('SELECT *\nFROM `...', Array, false)
#2 C:\xampp\htdocs\APIBaznas\system\Model.php(728): CodeIgniter\Database\BaseBuilder->getWhere(Array)
#3 C:\xampp\htdocs\APIBaznas\app\Controllers\APILogin.php(20): CodeIgniter\Model->__call('getWhere', Array)
#4 C:\xampp\htdocs\APIBaznas\system\CodeIgniter.php(825): App\Controllers\APILogin->create()
#5 C:\xampp\htdocs\APIBaznas\system\CodeIgniter.php(412): CodeIgniter\CodeIgniter->runController(Object(App\Controllers\APILogin))
#6 C:\xampp\htdocs\APIBaznas\system\CodeIgniter.php(320): CodeIgniter\CodeIgniter->handleRequest(NULL, Object(Config\Cache), false)
#7 C:\xampp\htdocs\APIBaznas\public\index.php(37): CodeIgniter\CodeIgniter->run()
#8 C:\xampp\htdocs\APIBaznas\system\Commands\Server\rewrite.php(43): require_once('C:\\xampp\\htdocs...')
#9 {main}
CRITICAL - 2022-03-29 04:59:24 --> syntax error, unexpected '=>' (T_DOUBLE_ARROW), expecting ']'
#0 C:\xampp\htdocs\APIBaznas\system\Autoloader\Autoloader.php(241): CodeIgniter\Autoloader\Autoloader->includeFile('C:\\xampp\\htdocs...')
#1 C:\xampp\htdocs\APIBaznas\system\Autoloader\Autoloader.php(219): CodeIgniter\Autoloader\Autoloader->loadInNamespace('App\\Controllers...')
#2 [internal function]: CodeIgniter\Autoloader\Autoloader->loadClass('App\\Controllers...')
#3 [internal function]: spl_autoload_call('App\\Controllers...')
#4 C:\xampp\htdocs\APIBaznas\system\CodeIgniter.php(790): class_exists('\\App\\Controller...', true)
#5 C:\xampp\htdocs\APIBaznas\system\CodeIgniter.php(399): CodeIgniter\CodeIgniter->startController()
#6 C:\xampp\htdocs\APIBaznas\system\CodeIgniter.php(320): CodeIgniter\CodeIgniter->handleRequest(NULL, Object(Config\Cache), false)
#7 C:\xampp\htdocs\APIBaznas\public\index.php(37): CodeIgniter\CodeIgniter->run()
#8 C:\xampp\htdocs\APIBaznas\system\Commands\Server\rewrite.php(43): require_once('C:\\xampp\\htdocs...')
#9 {main}
CRITICAL - 2022-03-29 05:00:25 --> syntax error, unexpected 'if' (T_IF)
#0 C:\xampp\htdocs\APIBaznas\system\Autoloader\Autoloader.php(241): CodeIgniter\Autoloader\Autoloader->includeFile('C:\\xampp\\htdocs...')
#1 C:\xampp\htdocs\APIBaznas\system\Autoloader\Autoloader.php(219): CodeIgniter\Autoloader\Autoloader->loadInNamespace('App\\Controllers...')
#2 [internal function]: CodeIgniter\Autoloader\Autoloader->loadClass('App\\Controllers...')
#3 [internal function]: spl_autoload_call('App\\Controllers...')
#4 C:\xampp\htdocs\APIBaznas\system\CodeIgniter.php(790): class_exists('\\App\\Controller...', true)
#5 C:\xampp\htdocs\APIBaznas\system\CodeIgniter.php(399): CodeIgniter\CodeIgniter->startController()
#6 C:\xampp\htdocs\APIBaznas\system\CodeIgniter.php(320): CodeIgniter\CodeIgniter->handleRequest(NULL, Object(Config\Cache), false)
#7 C:\xampp\htdocs\APIBaznas\public\index.php(37): CodeIgniter\CodeIgniter->run()
#8 C:\xampp\htdocs\APIBaznas\system\Commands\Server\rewrite.php(43): require_once('C:\\xampp\\htdocs...')
#9 {main}
CRITICAL - 2022-03-29 20:44:28 --> Undefined property: stdClass::$noTransaksi
#0 C:\xampp\htdocs\APIBaznas\app\Controllers\APIPendanaan.php(105): CodeIgniter\Debug\Exceptions->errorHandler(8, 'Undefined prope...', 'C:\\xampp\\htdocs...', 105, Array)
#1 C:\xampp\htdocs\APIBaznas\system\CodeIgniter.php(825): App\Controllers\APIPendanaan->update('1')
#2 C:\xampp\htdocs\APIBaznas\system\CodeIgniter.php(412): CodeIgniter\CodeIgniter->runController(Object(App\Controllers\APIPendanaan))
#3 C:\xampp\htdocs\APIBaznas\system\CodeIgniter.php(320): CodeIgniter\CodeIgniter->handleRequest(NULL, Object(Config\Cache), false)
#4 C:\xampp\htdocs\APIBaznas\public\index.php(37): CodeIgniter\CodeIgniter->run()
#5 C:\xampp\htdocs\APIBaznas\system\Commands\Server\rewrite.php(43): require_once('C:\\xampp\\htdocs...')
#6 {main}
CRITICAL - 2022-03-29 20:44:30 --> Undefined property: stdClass::$noTransaksi
#0 C:\xampp\htdocs\APIBaznas\app\Controllers\APIPendanaan.php(105): CodeIgniter\Debug\Exceptions->errorHandler(8, 'Undefined prope...', 'C:\\xampp\\htdocs...', 105, Array)
#1 C:\xampp\htdocs\APIBaznas\system\CodeIgniter.php(825): App\Controllers\APIPendanaan->update('1')
#2 C:\xampp\htdocs\APIBaznas\system\CodeIgniter.php(412): CodeIgniter\CodeIgniter->runController(Object(App\Controllers\APIPendanaan))
#3 C:\xampp\htdocs\APIBaznas\system\CodeIgniter.php(320): CodeIgniter\CodeIgniter->handleRequest(NULL, Object(Config\Cache), false)
#4 C:\xampp\htdocs\APIBaznas\public\index.php(37): CodeIgniter\CodeIgniter->run()
#5 C:\xampp\htdocs\APIBaznas\system\Commands\Server\rewrite.php(43): require_once('C:\\xampp\\htdocs...')
#6 {main}
CRITICAL - 2022-03-29 20:45:23 --> Undefined property: stdClass::$noTransaksi
#0 C:\xampp\htdocs\APIBaznas\app\Controllers\APIPendanaan.php(105): CodeIgniter\Debug\Exceptions->errorHandler(8, 'Undefined prope...', 'C:\\xampp\\htdocs...', 105, Array)
#1 C:\xampp\htdocs\APIBaznas\system\CodeIgniter.php(825): App\Controllers\APIPendanaan->update('1')
#2 C:\xampp\htdocs\APIBaznas\system\CodeIgniter.php(412): CodeIgniter\CodeIgniter->runController(Object(App\Controllers\APIPendanaan))
#3 C:\xampp\htdocs\APIBaznas\system\CodeIgniter.php(320): CodeIgniter\CodeIgniter->handleRequest(NULL, Object(Config\Cache), false)
#4 C:\xampp\htdocs\APIBaznas\public\index.php(37): CodeIgniter\CodeIgniter->run()
#5 C:\xampp\htdocs\APIBaznas\system\Commands\Server\rewrite.php(43): require_once('C:\\xampp\\htdocs...')
#6 {main}
CRITICAL - 2022-03-29 20:45:25 --> Undefined property: stdClass::$noTransaksi
#0 C:\xampp\htdocs\APIBaznas\app\Controllers\APIPendanaan.php(105): CodeIgniter\Debug\Exceptions->errorHandler(8, 'Undefined prope...', 'C:\\xampp\\htdocs...', 105, Array)
#1 C:\xampp\htdocs\APIBaznas\system\CodeIgniter.php(825): App\Controllers\APIPendanaan->update('1')
#2 C:\xampp\htdocs\APIBaznas\system\CodeIgniter.php(412): CodeIgniter\CodeIgniter->runController(Object(App\Controllers\APIPendanaan))
#3 C:\xampp\htdocs\APIBaznas\system\CodeIgniter.php(320): CodeIgniter\CodeIgniter->handleRequest(NULL, Object(Config\Cache), false)
#4 C:\xampp\htdocs\APIBaznas\public\index.php(37): CodeIgniter\CodeIgniter->run()
#5 C:\xampp\htdocs\APIBaznas\system\Commands\Server\rewrite.php(43): require_once('C:\\xampp\\htdocs...')
#6 {main}
ERROR - 2022-03-29 20:46:59 --> Unknown column 'noTransaksi' in 'field list'
CRITICAL - 2022-03-29 20:46:59 --> Unknown column 'noTransaksi' in 'field list'
#0 C:\xampp\htdocs\APIBaznas\system\Database\MySQLi\Connection.php(292): mysqli->query('UPDATE `tblpene...', 0)
#1 C:\xampp\htdocs\APIBaznas\system\Database\BaseConnection.php(670): CodeIgniter\Database\MySQLi\Connection->execute('UPDATE `tblpene...')
#2 C:\xampp\htdocs\APIBaznas\system\Database\BaseConnection.php(598): CodeIgniter\Database\BaseConnection->simpleQuery('UPDATE `tblpene...')
#3 C:\xampp\htdocs\APIBaznas\system\Database\BaseBuilder.php(1913): CodeIgniter\Database\BaseConnection->query('UPDATE `tblpene...', Array, false)
#4 C:\xampp\htdocs\APIBaznas\system\Model.php(298): CodeIgniter\Database\BaseBuilder->update()
#5 C:\xampp\htdocs\APIBaznas\system\BaseModel.php(865): CodeIgniter\Model->doUpdate(Array, Array)
#6 C:\xampp\htdocs\APIBaznas\system\Model.php(651): CodeIgniter\BaseModel->update(Array, Array)
#7 C:\xampp\htdocs\APIBaznas\app\Controllers\APIPendanaan.php(117): CodeIgniter\Model->update('80', Array)
#8 C:\xampp\htdocs\APIBaznas\system\CodeIgniter.php(825): App\Controllers\APIPendanaan->update('1')
#9 C:\xampp\htdocs\APIBaznas\system\CodeIgniter.php(412): CodeIgniter\CodeIgniter->runController(Object(App\Controllers\APIPendanaan))
#10 C:\xampp\htdocs\APIBaznas\system\CodeIgniter.php(320): CodeIgniter\CodeIgniter->handleRequest(NULL, Object(Config\Cache), false)
#11 C:\xampp\htdocs\APIBaznas\public\index.php(37): CodeIgniter\CodeIgniter->run()
#12 C:\xampp\htdocs\APIBaznas\system\Commands\Server\rewrite.php(43): require_once('C:\\xampp\\htdocs...')
#13 {main}
CRITICAL - 2022-03-29 20:48:59 --> Undefined property: stdClass::$noTransaksi
#0 C:\xampp\htdocs\APIBaznas\app\Controllers\APIPendanaan.php(105): CodeIgniter\Debug\Exceptions->errorHandler(8, 'Undefined prope...', 'C:\\xampp\\htdocs...', 105, Array)
#1 C:\xampp\htdocs\APIBaznas\system\CodeIgniter.php(825): App\Controllers\APIPendanaan->update('1')
#2 C:\xampp\htdocs\APIBaznas\system\CodeIgniter.php(412): CodeIgniter\CodeIgniter->runController(Object(App\Controllers\APIPendanaan))
#3 C:\xampp\htdocs\APIBaznas\system\CodeIgniter.php(320): CodeIgniter\CodeIgniter->handleRequest(NULL, Object(Config\Cache), false)
#4 C:\xampp\htdocs\APIBaznas\public\index.php(37): CodeIgniter\CodeIgniter->run()
#5 C:\xampp\htdocs\APIBaznas\system\Commands\Server\rewrite.php(43): require_once('C:\\xampp\\htdocs...')
#6 {main}
CRITICAL - 2022-03-29 20:49:36 --> Undefined property: stdClass::$noTransaksi
#0 C:\xampp\htdocs\APIBaznas\app\Controllers\APIPendanaan.php(105): CodeIgniter\Debug\Exceptions->errorHandler(8, 'Undefined prope...', 'C:\\xampp\\htdocs...', 105, Array)
#1 C:\xampp\htdocs\APIBaznas\system\CodeIgniter.php(825): App\Controllers\APIPendanaan->update('1')
#2 C:\xampp\htdocs\APIBaznas\system\CodeIgniter.php(412): CodeIgniter\CodeIgniter->runController(Object(App\Controllers\APIPendanaan))
#3 C:\xampp\htdocs\APIBaznas\system\CodeIgniter.php(320): CodeIgniter\CodeIgniter->handleRequest(NULL, Object(Config\Cache), false)
#4 C:\xampp\htdocs\APIBaznas\public\index.php(37): CodeIgniter\CodeIgniter->run()
#5 C:\xampp\htdocs\APIBaznas\system\Commands\Server\rewrite.php(43): require_once('C:\\xampp\\htdocs...')
#6 {main}
CRITICAL - 2022-03-29 20:49:43 --> Undefined property: stdClass::$noTransaksi
#0 C:\xampp\htdocs\APIBaznas\app\Controllers\APIPendanaan.php(105): CodeIgniter\Debug\Exceptions->errorHandler(8, 'Undefined prope...', 'C:\\xampp\\htdocs...', 105, Array)
#1 C:\xampp\htdocs\APIBaznas\system\CodeIgniter.php(825): App\Controllers\APIPendanaan->update('1')
#2 C:\xampp\htdocs\APIBaznas\system\CodeIgniter.php(412): CodeIgniter\CodeIgniter->runController(Object(App\Controllers\APIPendanaan))
#3 C:\xampp\htdocs\APIBaznas\system\CodeIgniter.php(320): CodeIgniter\CodeIgniter->handleRequest(NULL, Object(Config\Cache), false)
#4 C:\xampp\htdocs\APIBaznas\public\index.php(37): CodeIgniter\CodeIgniter->run()
#5 C:\xampp\htdocs\APIBaznas\system\Commands\Server\rewrite.php(43): require_once('C:\\xampp\\htdocs...')
#6 {main}
CRITICAL - 2022-03-29 20:50:21 --> Undefined property: stdClass::$metodePembayaran
#0 C:\xampp\htdocs\APIBaznas\app\Controllers\APIPendanaan.php(105): CodeIgniter\Debug\Exceptions->errorHandler(8, 'Undefined prope...', 'C:\\xampp\\htdocs...', 105, Array)
#1 C:\xampp\htdocs\APIBaznas\system\CodeIgniter.php(825): App\Controllers\APIPendanaan->update('1')
#2 C:\xampp\htdocs\APIBaznas\system\CodeIgniter.php(412): CodeIgniter\CodeIgniter->runController(Object(App\Controllers\APIPendanaan))
#3 C:\xampp\htdocs\APIBaznas\system\CodeIgniter.php(320): CodeIgniter\CodeIgniter->handleRequest(NULL, Object(Config\Cache), false)
#4 C:\xampp\htdocs\APIBaznas\public\index.php(37): CodeIgniter\CodeIgniter->run()
#5 C:\xampp\htdocs\APIBaznas\system\Commands\Server\rewrite.php(43): require_once('C:\\xampp\\htdocs...')
#6 {main}
CRITICAL - 2022-03-29 20:52:07 --> Undefined property: stdClass::$metodePembayaran
#0 C:\xampp\htdocs\APIBaznas\app\Controllers\APIPendanaan.php(105): CodeIgniter\Debug\Exceptions->errorHandler(8, 'Undefined prope...', 'C:\\xampp\\htdocs...', 105, Array)
#1 C:\xampp\htdocs\APIBaznas\system\CodeIgniter.php(825): App\Controllers\APIPendanaan->update('1')
#2 C:\xampp\htdocs\APIBaznas\system\CodeIgniter.php(412): CodeIgniter\CodeIgniter->runController(Object(App\Controllers\APIPendanaan))
#3 C:\xampp\htdocs\APIBaznas\system\CodeIgniter.php(320): CodeIgniter\CodeIgniter->handleRequest(NULL, Object(Config\Cache), false)
#4 C:\xampp\htdocs\APIBaznas\public\index.php(37): CodeIgniter\CodeIgniter->run()
#5 C:\xampp\htdocs\APIBaznas\system\Commands\Server\rewrite.php(43): require_once('C:\\xampp\\htdocs...')
#6 {main}
CRITICAL - 2022-03-29 21:00:40 --> Trying to get property 'request' of non-object
#0 C:\xampp\htdocs\APIBaznas\app\Controllers\APIPendanaan.php(101): CodeIgniter\Debug\Exceptions->errorHandler(8, 'Trying to get p...', 'C:\\xampp\\htdocs...', 101, Array)
#1 C:\xampp\htdocs\APIBaznas\system\CodeIgniter.php(825): App\Controllers\APIPendanaan->update('1')
#2 C:\xampp\htdocs\APIBaznas\system\CodeIgniter.php(412): CodeIgniter\CodeIgniter->runController(Object(App\Controllers\APIPendanaan))
#3 C:\xampp\htdocs\APIBaznas\system\CodeIgniter.php(320): CodeIgniter\CodeIgniter->handleRequest(NULL, Object(Config\Cache), false)
#4 C:\xampp\htdocs\APIBaznas\public\index.php(37): CodeIgniter\CodeIgniter->run()
#5 C:\xampp\htdocs\APIBaznas\system\Commands\Server\rewrite.php(43): require_once('C:\\xampp\\htdocs...')
#6 {main}
CRITICAL - 2022-03-29 21:16:11 --> Undefined property: stdClass::$metodePembayaran
#0 C:\xampp\htdocs\APIBaznas\app\Controllers\APIPendanaan.php(107): CodeIgniter\Debug\Exceptions->errorHandler(8, 'Undefined prope...', 'C:\\xampp\\htdocs...', 107, Array)
#1 C:\xampp\htdocs\APIBaznas\system\CodeIgniter.php(825): App\Controllers\APIPendanaan->update('1')
#2 C:\xampp\htdocs\APIBaznas\system\CodeIgniter.php(412): CodeIgniter\CodeIgniter->runController(Object(App\Controllers\APIPendanaan))
#3 C:\xampp\htdocs\APIBaznas\system\CodeIgniter.php(320): CodeIgniter\CodeIgniter->handleRequest(NULL, Object(Config\Cache), false)
#4 C:\xampp\htdocs\APIBaznas\public\index.php(37): CodeIgniter\CodeIgniter->run()
#5 C:\xampp\htdocs\APIBaznas\system\Commands\Server\rewrite.php(43): require_once('C:\\xampp\\htdocs...')
#6 {main}
CRITICAL - 2022-03-29 21:21:50 --> Undefined variable: json
#0 C:\xampp\htdocs\APIBaznas\app\Controllers\APIPendanaan.php(101): CodeIgniter\Debug\Exceptions->errorHandler(8, 'Undefined varia...', 'C:\\xampp\\htdocs...', 101, Array)
#1 C:\xampp\htdocs\APIBaznas\system\CodeIgniter.php(825): App\Controllers\APIPendanaan->update('1')
#2 C:\xampp\htdocs\APIBaznas\system\CodeIgniter.php(412): CodeIgniter\CodeIgniter->runController(Object(App\Controllers\APIPendanaan))
#3 C:\xampp\htdocs\APIBaznas\system\CodeIgniter.php(320): CodeIgniter\CodeIgniter->handleRequest(NULL, Object(Config\Cache), false)
#4 C:\xampp\htdocs\APIBaznas\public\index.php(37): CodeIgniter\CodeIgniter->run()
#5 C:\xampp\htdocs\APIBaznas\system\Commands\Server\rewrite.php(43): require_once('C:\\xampp\\htdocs...')
#6 {main}
