CRITICAL - 2022-05-23 03:27:09 --> Attempt to read property "nomorTelepon" on null
#0 /var/www/html/APIBaznas/app/Controllers/APITerimaDanaZakat.php(38): CodeIgniter\Debug\Exceptions->errorHandler()
#1 /var/www/html/APIBaznas/system/CodeIgniter.php(825): App\Controllers\APITerimaDanaZakat->create()
#2 /var/www/html/APIBaznas/system/CodeIgniter.php(412): CodeIgniter\CodeIgniter->runController()
#3 /var/www/html/APIBaznas/system/CodeIgniter.php(320): CodeIgniter\CodeIgniter->handleRequest()
#4 /var/www/html/APIBaznas/public/index.php(37): CodeIgniter\CodeIgniter->run()
#5 /var/www/html/APIBaznas/system/Commands/Server/rewrite.php(43): require_once('...')
#6 {main}
CRITICAL - 2022-05-23 03:34:31 --> Undefined variable $kode
#0 /var/www/html/APIBaznas/app/Controllers/APITerimaDanaZakat.php(38): CodeIgniter\Debug\Exceptions->errorHandler()
#1 /var/www/html/APIBaznas/system/CodeIgniter.php(825): App\Controllers\APITerimaDanaZakat->create()
#2 /var/www/html/APIBaznas/system/CodeIgniter.php(412): CodeIgniter\CodeIgniter->runController()
#3 /var/www/html/APIBaznas/system/CodeIgniter.php(320): CodeIgniter\CodeIgniter->handleRequest()
#4 /var/www/html/APIBaznas/public/index.php(37): CodeIgniter\CodeIgniter->run()
#5 /var/www/html/APIBaznas/system/Commands/Server/rewrite.php(43): require_once('...')
#6 {main}
CRITICAL - 2022-05-23 04:06:12 --> Undefined variable $dataZakat
#0 /var/www/html/APIBaznas/app/Controllers/APITerimaDanaZakat.php(45): CodeIgniter\Debug\Exceptions->errorHandler()
#1 /var/www/html/APIBaznas/system/CodeIgniter.php(825): App\Controllers\APITerimaDanaZakat->create()
#2 /var/www/html/APIBaznas/system/CodeIgniter.php(412): CodeIgniter\CodeIgniter->runController()
#3 /var/www/html/APIBaznas/system/CodeIgniter.php(320): CodeIgniter\CodeIgniter->handleRequest()
#4 /var/www/html/APIBaznas/public/index.php(37): CodeIgniter\CodeIgniter->run()
#5 /var/www/html/APIBaznas/system/Commands/Server/rewrite.php(43): require_once('...')
#6 {main}
