ERROR - 2022-02-22 02:14:31 --> Error connecting to the database: No connection could be made because the target machine actively refused it.

CRITICAL - 2022-02-22 02:14:31 --> Unable to connect to the database.
Main connection [MySQLi]: No connection could be made because the target machine actively refused it.

#0 C:\xampp\htdocs\APIBaznas\system\Database\BaseConnection.php(577): CodeIgniter\Database\BaseConnection->initialize()
#1 C:\xampp\htdocs\APIBaznas\system\Database\BaseBuilder.php(1588): CodeIgniter\Database\BaseConnection->query('SELECT *\nFROM `...', Array, false)
#2 C:\xampp\htdocs\APIBaznas\system\Model.php(728): CodeIgniter\Database\BaseBuilder->getWhere(Array)
#3 C:\xampp\htdocs\APIBaznas\app\Controllers\masterZakat.php(22): CodeIgniter\Model->__call('getWhere', Array)
#4 C:\xampp\htdocs\APIBaznas\system\CodeIgniter.php(825): App\Controllers\masterZakat->show('1')
#5 C:\xampp\htdocs\APIBaznas\system\CodeIgniter.php(412): CodeIgniter\CodeIgniter->runController(Object(App\Controllers\masterZakat))
#6 C:\xampp\htdocs\APIBaznas\system\CodeIgniter.php(320): CodeIgniter\CodeIgniter->handleRequest(NULL, Object(Config\Cache), false)
#7 C:\xampp\htdocs\APIBaznas\public\index.php(37): CodeIgniter\CodeIgniter->run()
#8 C:\xampp\htdocs\APIBaznas\system\Commands\Server\rewrite.php(43): require_once('C:\\xampp\\htdocs...')
#9 {main}
ERROR - 2022-02-22 02:14:37 --> Error connecting to the database: No connection could be made because the target machine actively refused it.

CRITICAL - 2022-02-22 02:14:37 --> Unable to connect to the database.
Main connection [MySQLi]: No connection could be made because the target machine actively refused it.

#0 C:\xampp\htdocs\APIBaznas\system\Database\BaseConnection.php(577): CodeIgniter\Database\BaseConnection->initialize()
#1 C:\xampp\htdocs\APIBaznas\system\Database\BaseBuilder.php(1588): CodeIgniter\Database\BaseConnection->query('SELECT *\nFROM `...', Array, false)
#2 C:\xampp\htdocs\APIBaznas\system\Model.php(728): CodeIgniter\Database\BaseBuilder->getWhere(Array)
#3 C:\xampp\htdocs\APIBaznas\app\Controllers\masterZakat.php(22): CodeIgniter\Model->__call('getWhere', Array)
#4 C:\xampp\htdocs\APIBaznas\system\CodeIgniter.php(825): App\Controllers\masterZakat->show('1')
#5 C:\xampp\htdocs\APIBaznas\system\CodeIgniter.php(412): CodeIgniter\CodeIgniter->runController(Object(App\Controllers\masterZakat))
#6 C:\xampp\htdocs\APIBaznas\system\CodeIgniter.php(320): CodeIgniter\CodeIgniter->handleRequest(NULL, Object(Config\Cache), false)
#7 C:\xampp\htdocs\APIBaznas\public\index.php(37): CodeIgniter\CodeIgniter->run()
#8 C:\xampp\htdocs\APIBaznas\system\Commands\Server\rewrite.php(43): require_once('C:\\xampp\\htdocs...')
#9 {main}
ERROR - 2022-02-22 02:43:37 --> Error connecting to the database: No connection could be made because the target machine actively refused it.

CRITICAL - 2022-02-22 02:43:37 --> Unable to connect to the database.
Main connection [MySQLi]: No connection could be made because the target machine actively refused it.

#0 C:\xampp\htdocs\APIBaznas\system\Database\BaseConnection.php(577): CodeIgniter\Database\BaseConnection->initialize()
#1 C:\xampp\htdocs\APIBaznas\system\Database\BaseBuilder.php(1588): CodeIgniter\Database\BaseConnection->query('SELECT *\nFROM `...', Array, false)
#2 C:\xampp\htdocs\APIBaznas\system\Model.php(728): CodeIgniter\Database\BaseBuilder->getWhere(Array)
#3 C:\xampp\htdocs\APIBaznas\app\Controllers\masterZakat.php(22): CodeIgniter\Model->__call('getWhere', Array)
#4 C:\xampp\htdocs\APIBaznas\system\CodeIgniter.php(825): App\Controllers\masterZakat->show('1')
#5 C:\xampp\htdocs\APIBaznas\system\CodeIgniter.php(412): CodeIgniter\CodeIgniter->runController(Object(App\Controllers\masterZakat))
#6 C:\xampp\htdocs\APIBaznas\system\CodeIgniter.php(320): CodeIgniter\CodeIgniter->handleRequest(NULL, Object(Config\Cache), false)
#7 C:\xampp\htdocs\APIBaznas\public\index.php(37): CodeIgniter\CodeIgniter->run()
#8 C:\xampp\htdocs\APIBaznas\system\Commands\Server\rewrite.php(43): require_once('C:\\xampp\\htdocs...')
#9 {main}
ERROR - 2022-02-22 02:44:00 --> Error connecting to the database: No connection could be made because the target machine actively refused it.

CRITICAL - 2022-02-22 02:44:00 --> Unable to connect to the database.
Main connection [MySQLi]: No connection could be made because the target machine actively refused it.

#0 C:\xampp\htdocs\APIBaznas\system\Database\BaseConnection.php(577): CodeIgniter\Database\BaseConnection->initialize()
#1 C:\xampp\htdocs\APIBaznas\system\Database\BaseBuilder.php(1455): CodeIgniter\Database\BaseConnection->query('SELECT *\nFROM `...', Array, false)
#2 C:\xampp\htdocs\APIBaznas\system\Model.php(183): CodeIgniter\Database\BaseBuilder->get()
#3 C:\xampp\htdocs\APIBaznas\system\BaseModel.php(584): CodeIgniter\Model->doFindAll(0, 0)
#4 C:\xampp\htdocs\APIBaznas\app\Controllers\masterZakat.php(14): CodeIgniter\BaseModel->findAll()
#5 C:\xampp\htdocs\APIBaznas\system\CodeIgniter.php(825): App\Controllers\masterZakat->index()
#6 C:\xampp\htdocs\APIBaznas\system\CodeIgniter.php(412): CodeIgniter\CodeIgniter->runController(Object(App\Controllers\masterZakat))
#7 C:\xampp\htdocs\APIBaznas\system\CodeIgniter.php(320): CodeIgniter\CodeIgniter->handleRequest(NULL, Object(Config\Cache), false)
#8 C:\xampp\htdocs\APIBaznas\public\index.php(37): CodeIgniter\CodeIgniter->run()
#9 C:\xampp\htdocs\APIBaznas\system\Commands\Server\rewrite.php(43): require_once('C:\\xampp\\htdocs...')
#10 {main}
ERROR - 2022-02-22 02:44:08 --> Error connecting to the database: No connection could be made because the target machine actively refused it.

CRITICAL - 2022-02-22 02:44:08 --> Unable to connect to the database.
Main connection [MySQLi]: No connection could be made because the target machine actively refused it.

#0 C:\xampp\htdocs\APIBaznas\system\Database\BaseConnection.php(577): CodeIgniter\Database\BaseConnection->initialize()
#1 C:\xampp\htdocs\APIBaznas\system\Database\BaseBuilder.php(1455): CodeIgniter\Database\BaseConnection->query('SELECT *\nFROM `...', Array, false)
#2 C:\xampp\htdocs\APIBaznas\system\Model.php(183): CodeIgniter\Database\BaseBuilder->get()
#3 C:\xampp\htdocs\APIBaznas\system\BaseModel.php(584): CodeIgniter\Model->doFindAll(0, 0)
#4 C:\xampp\htdocs\APIBaznas\app\Controllers\masterZakat.php(14): CodeIgniter\BaseModel->findAll()
#5 C:\xampp\htdocs\APIBaznas\system\CodeIgniter.php(825): App\Controllers\masterZakat->index()
#6 C:\xampp\htdocs\APIBaznas\system\CodeIgniter.php(412): CodeIgniter\CodeIgniter->runController(Object(App\Controllers\masterZakat))
#7 C:\xampp\htdocs\APIBaznas\system\CodeIgniter.php(320): CodeIgniter\CodeIgniter->handleRequest(NULL, Object(Config\Cache), false)
#8 C:\xampp\htdocs\APIBaznas\public\index.php(37): CodeIgniter\CodeIgniter->run()
#9 C:\xampp\htdocs\APIBaznas\system\Commands\Server\rewrite.php(43): require_once('C:\\xampp\\htdocs...')
#10 {main}
ERROR - 2022-02-22 02:44:32 --> Error connecting to the database: No connection could be made because the target machine actively refused it.

CRITICAL - 2022-02-22 02:44:32 --> Unable to connect to the database.
Main connection [MySQLi]: No connection could be made because the target machine actively refused it.

#0 C:\xampp\htdocs\APIBaznas\system\Database\BaseConnection.php(577): CodeIgniter\Database\BaseConnection->initialize()
#1 C:\xampp\htdocs\APIBaznas\system\Database\BaseBuilder.php(1588): CodeIgniter\Database\BaseConnection->query('SELECT *\nFROM `...', Array, false)
#2 C:\xampp\htdocs\APIBaznas\system\Model.php(728): CodeIgniter\Database\BaseBuilder->getWhere(Array)
#3 C:\xampp\htdocs\APIBaznas\app\Controllers\masterZakat.php(22): CodeIgniter\Model->__call('getWhere', Array)
#4 C:\xampp\htdocs\APIBaznas\system\CodeIgniter.php(825): App\Controllers\masterZakat->show('1')
#5 C:\xampp\htdocs\APIBaznas\system\CodeIgniter.php(412): CodeIgniter\CodeIgniter->runController(Object(App\Controllers\masterZakat))
#6 C:\xampp\htdocs\APIBaznas\system\CodeIgniter.php(320): CodeIgniter\CodeIgniter->handleRequest(NULL, Object(Config\Cache), false)
#7 C:\xampp\htdocs\APIBaznas\public\index.php(37): CodeIgniter\CodeIgniter->run()
#8 C:\xampp\htdocs\APIBaznas\system\Commands\Server\rewrite.php(43): require_once('C:\\xampp\\htdocs...')
#9 {main}
CRITICAL - 2022-02-22 02:52:27 --> Undefined offset: 1
#0 C:\xampp\htdocs\APIBaznas\app\Controllers\masterZakat.php(24): CodeIgniter\Debug\Exceptions->errorHandler(8, 'Undefined offse...', 'C:\\xampp\\htdocs...', 24, Array)
#1 C:\xampp\htdocs\APIBaznas\system\CodeIgniter.php(825): App\Controllers\masterZakat->show('2')
#2 C:\xampp\htdocs\APIBaznas\system\CodeIgniter.php(412): CodeIgniter\CodeIgniter->runController(Object(App\Controllers\masterZakat))
#3 C:\xampp\htdocs\APIBaznas\system\CodeIgniter.php(320): CodeIgniter\CodeIgniter->handleRequest(NULL, Object(Config\Cache), false)
#4 C:\xampp\htdocs\APIBaznas\public\index.php(37): CodeIgniter\CodeIgniter->run()
#5 C:\xampp\htdocs\APIBaznas\system\Commands\Server\rewrite.php(43): require_once('C:\\xampp\\htdocs...')
#6 {main}
CRITICAL - 2022-02-22 02:56:41 --> Cannot use object of type stdClass as array
#0 C:\xampp\htdocs\APIBaznas\system\CodeIgniter.php(825): App\Controllers\masterZakat->show('1')
#1 C:\xampp\htdocs\APIBaznas\system\CodeIgniter.php(412): CodeIgniter\CodeIgniter->runController(Object(App\Controllers\masterZakat))
#2 C:\xampp\htdocs\APIBaznas\system\CodeIgniter.php(320): CodeIgniter\CodeIgniter->handleRequest(NULL, Object(Config\Cache), false)
#3 C:\xampp\htdocs\APIBaznas\public\index.php(37): CodeIgniter\CodeIgniter->run()
#4 C:\xampp\htdocs\APIBaznas\system\Commands\Server\rewrite.php(43): require_once('C:\\xampp\\htdocs...')
#5 {main}
CRITICAL - 2022-02-22 02:57:07 --> Cannot use object of type stdClass as array
#0 C:\xampp\htdocs\APIBaznas\system\CodeIgniter.php(825): App\Controllers\masterZakat->show('1')
#1 C:\xampp\htdocs\APIBaznas\system\CodeIgniter.php(412): CodeIgniter\CodeIgniter->runController(Object(App\Controllers\masterZakat))
#2 C:\xampp\htdocs\APIBaznas\system\CodeIgniter.php(320): CodeIgniter\CodeIgniter->handleRequest(NULL, Object(Config\Cache), false)
#3 C:\xampp\htdocs\APIBaznas\public\index.php(37): CodeIgniter\CodeIgniter->run()
#4 C:\xampp\htdocs\APIBaznas\system\Commands\Server\rewrite.php(43): require_once('C:\\xampp\\htdocs...')
#5 {main}
CRITICAL - 2022-02-22 02:57:27 --> Cannot use object of type stdClass as array
#0 C:\xampp\htdocs\APIBaznas\system\CodeIgniter.php(825): App\Controllers\masterZakat->show('1')
#1 C:\xampp\htdocs\APIBaznas\system\CodeIgniter.php(412): CodeIgniter\CodeIgniter->runController(Object(App\Controllers\masterZakat))
#2 C:\xampp\htdocs\APIBaznas\system\CodeIgniter.php(320): CodeIgniter\CodeIgniter->handleRequest(NULL, Object(Config\Cache), false)
#3 C:\xampp\htdocs\APIBaznas\public\index.php(37): CodeIgniter\CodeIgniter->run()
#4 C:\xampp\htdocs\APIBaznas\system\Commands\Server\rewrite.php(43): require_once('C:\\xampp\\htdocs...')
#5 {main}
CRITICAL - 2022-02-22 02:57:53 --> Cannot use object of type stdClass as array
#0 C:\xampp\htdocs\APIBaznas\system\CodeIgniter.php(825): App\Controllers\masterZakat->show('1')
#1 C:\xampp\htdocs\APIBaznas\system\CodeIgniter.php(412): CodeIgniter\CodeIgniter->runController(Object(App\Controllers\masterZakat))
#2 C:\xampp\htdocs\APIBaznas\system\CodeIgniter.php(320): CodeIgniter\CodeIgniter->handleRequest(NULL, Object(Config\Cache), false)
#3 C:\xampp\htdocs\APIBaznas\public\index.php(37): CodeIgniter\CodeIgniter->run()
#4 C:\xampp\htdocs\APIBaznas\system\Commands\Server\rewrite.php(43): require_once('C:\\xampp\\htdocs...')
#5 {main}
CRITICAL - 2022-02-22 02:58:07 --> Cannot use object of type stdClass as array
#0 C:\xampp\htdocs\APIBaznas\system\CodeIgniter.php(825): App\Controllers\masterZakat->show('1')
#1 C:\xampp\htdocs\APIBaznas\system\CodeIgniter.php(412): CodeIgniter\CodeIgniter->runController(Object(App\Controllers\masterZakat))
#2 C:\xampp\htdocs\APIBaznas\system\CodeIgniter.php(320): CodeIgniter\CodeIgniter->handleRequest(NULL, Object(Config\Cache), false)
#3 C:\xampp\htdocs\APIBaznas\public\index.php(37): CodeIgniter\CodeIgniter->run()
#4 C:\xampp\htdocs\APIBaznas\system\Commands\Server\rewrite.php(43): require_once('C:\\xampp\\htdocs...')
#5 {main}
CRITICAL - 2022-02-22 03:23:13 --> Cannot use object of type stdClass as array
#0 C:\xampp\htdocs\APIBaznas\system\CodeIgniter.php(825): App\Controllers\masterZakat->show('1')
#1 C:\xampp\htdocs\APIBaznas\system\CodeIgniter.php(412): CodeIgniter\CodeIgniter->runController(Object(App\Controllers\masterZakat))
#2 C:\xampp\htdocs\APIBaznas\system\CodeIgniter.php(320): CodeIgniter\CodeIgniter->handleRequest(NULL, Object(Config\Cache), false)
#3 C:\xampp\htdocs\APIBaznas\public\index.php(37): CodeIgniter\CodeIgniter->run()
#4 C:\xampp\htdocs\APIBaznas\system\Commands\Server\rewrite.php(43): require_once('C:\\xampp\\htdocs...')
#5 {main}
CRITICAL - 2022-02-22 03:23:27 --> Cannot use object of type stdClass as array
#0 C:\xampp\htdocs\APIBaznas\system\CodeIgniter.php(825): App\Controllers\masterZakat->show('1')
#1 C:\xampp\htdocs\APIBaznas\system\CodeIgniter.php(412): CodeIgniter\CodeIgniter->runController(Object(App\Controllers\masterZakat))
#2 C:\xampp\htdocs\APIBaznas\system\CodeIgniter.php(320): CodeIgniter\CodeIgniter->handleRequest(NULL, Object(Config\Cache), false)
#3 C:\xampp\htdocs\APIBaznas\public\index.php(37): CodeIgniter\CodeIgniter->run()
#4 C:\xampp\htdocs\APIBaznas\system\Commands\Server\rewrite.php(43): require_once('C:\\xampp\\htdocs...')
#5 {main}
CRITICAL - 2022-02-22 03:24:09 --> Undefined index: idZakat
#0 C:\xampp\htdocs\APIBaznas\app\Controllers\masterZakat.php(23): CodeIgniter\Debug\Exceptions->errorHandler(8, 'Undefined index...', 'C:\\xampp\\htdocs...', 23, Array)
#1 C:\xampp\htdocs\APIBaznas\system\CodeIgniter.php(825): App\Controllers\masterZakat->show('1')
#2 C:\xampp\htdocs\APIBaznas\system\CodeIgniter.php(412): CodeIgniter\CodeIgniter->runController(Object(App\Controllers\masterZakat))
#3 C:\xampp\htdocs\APIBaznas\system\CodeIgniter.php(320): CodeIgniter\CodeIgniter->handleRequest(NULL, Object(Config\Cache), false)
#4 C:\xampp\htdocs\APIBaznas\public\index.php(37): CodeIgniter\CodeIgniter->run()
#5 C:\xampp\htdocs\APIBaznas\system\Commands\Server\rewrite.php(43): require_once('C:\\xampp\\htdocs...')
#6 {main}
CRITICAL - 2022-02-22 03:24:31 --> Undefined offset: 1
#0 C:\xampp\htdocs\APIBaznas\app\Controllers\masterZakat.php(23): CodeIgniter\Debug\Exceptions->errorHandler(8, 'Undefined offse...', 'C:\\xampp\\htdocs...', 23, Array)
#1 C:\xampp\htdocs\APIBaznas\system\CodeIgniter.php(825): App\Controllers\masterZakat->show('1')
#2 C:\xampp\htdocs\APIBaznas\system\CodeIgniter.php(412): CodeIgniter\CodeIgniter->runController(Object(App\Controllers\masterZakat))
#3 C:\xampp\htdocs\APIBaznas\system\CodeIgniter.php(320): CodeIgniter\CodeIgniter->handleRequest(NULL, Object(Config\Cache), false)
#4 C:\xampp\htdocs\APIBaznas\public\index.php(37): CodeIgniter\CodeIgniter->run()
#5 C:\xampp\htdocs\APIBaznas\system\Commands\Server\rewrite.php(43): require_once('C:\\xampp\\htdocs...')
#6 {main}
CRITICAL - 2022-02-22 03:24:57 --> Cannot use object of type stdClass as array
#0 C:\xampp\htdocs\APIBaznas\system\CodeIgniter.php(825): App\Controllers\masterZakat->show('1')
#1 C:\xampp\htdocs\APIBaznas\system\CodeIgniter.php(412): CodeIgniter\CodeIgniter->runController(Object(App\Controllers\masterZakat))
#2 C:\xampp\htdocs\APIBaznas\system\CodeIgniter.php(320): CodeIgniter\CodeIgniter->handleRequest(NULL, Object(Config\Cache), false)
#3 C:\xampp\htdocs\APIBaznas\public\index.php(37): CodeIgniter\CodeIgniter->run()
#4 C:\xampp\htdocs\APIBaznas\system\Commands\Server\rewrite.php(43): require_once('C:\\xampp\\htdocs...')
#5 {main}
CRITICAL - 2022-02-22 03:25:08 --> Use of undefined constant idZakat - assumed 'idZakat' (this will throw an Error in a future version of PHP)
#0 C:\xampp\htdocs\APIBaznas\app\Controllers\masterZakat.php(23): CodeIgniter\Debug\Exceptions->errorHandler(2, 'Use of undefine...', 'C:\\xampp\\htdocs...', 23, Array)
#1 C:\xampp\htdocs\APIBaznas\system\CodeIgniter.php(825): App\Controllers\masterZakat->show('1')
#2 C:\xampp\htdocs\APIBaznas\system\CodeIgniter.php(412): CodeIgniter\CodeIgniter->runController(Object(App\Controllers\masterZakat))
#3 C:\xampp\htdocs\APIBaznas\system\CodeIgniter.php(320): CodeIgniter\CodeIgniter->handleRequest(NULL, Object(Config\Cache), false)
#4 C:\xampp\htdocs\APIBaznas\public\index.php(37): CodeIgniter\CodeIgniter->run()
#5 C:\xampp\htdocs\APIBaznas\system\Commands\Server\rewrite.php(43): require_once('C:\\xampp\\htdocs...')
#6 {main}
CRITICAL - 2022-02-22 03:28:34 --> Cannot use object of type stdClass as array
#0 C:\xampp\htdocs\APIBaznas\system\CodeIgniter.php(825): App\Controllers\masterZakat->show('1')
#1 C:\xampp\htdocs\APIBaznas\system\CodeIgniter.php(412): CodeIgniter\CodeIgniter->runController(Object(App\Controllers\masterZakat))
#2 C:\xampp\htdocs\APIBaznas\system\CodeIgniter.php(320): CodeIgniter\CodeIgniter->handleRequest(NULL, Object(Config\Cache), false)
#3 C:\xampp\htdocs\APIBaznas\public\index.php(37): CodeIgniter\CodeIgniter->run()
#4 C:\xampp\htdocs\APIBaznas\system\Commands\Server\rewrite.php(43): require_once('C:\\xampp\\htdocs...')
#5 {main}
CRITICAL - 2022-02-22 03:30:11 --> json_decode() expects parameter 1 to be string, array given
#0 [internal function]: CodeIgniter\Debug\Exceptions->errorHandler(2, 'json_decode() e...', 'C:\\xampp\\htdocs...', 23, Array)
#1 C:\xampp\htdocs\APIBaznas\app\Controllers\masterZakat.php(23): json_decode(Array, true)
#2 C:\xampp\htdocs\APIBaznas\system\CodeIgniter.php(825): App\Controllers\masterZakat->show('1')
#3 C:\xampp\htdocs\APIBaznas\system\CodeIgniter.php(412): CodeIgniter\CodeIgniter->runController(Object(App\Controllers\masterZakat))
#4 C:\xampp\htdocs\APIBaznas\system\CodeIgniter.php(320): CodeIgniter\CodeIgniter->handleRequest(NULL, Object(Config\Cache), false)
#5 C:\xampp\htdocs\APIBaznas\public\index.php(37): CodeIgniter\CodeIgniter->run()
#6 C:\xampp\htdocs\APIBaznas\system\Commands\Server\rewrite.php(43): require_once('C:\\xampp\\htdocs...')
#7 {main}
CRITICAL - 2022-02-22 03:35:48 --> json_decode() expects parameter 1 to be string, array given
#0 [internal function]: CodeIgniter\Debug\Exceptions->errorHandler(2, 'json_decode() e...', 'C:\\xampp\\htdocs...', 24, Array)
#1 C:\xampp\htdocs\APIBaznas\app\Controllers\masterZakat.php(24): json_decode(Array, true)
#2 C:\xampp\htdocs\APIBaznas\system\CodeIgniter.php(825): App\Controllers\masterZakat->show('1')
#3 C:\xampp\htdocs\APIBaznas\system\CodeIgniter.php(412): CodeIgniter\CodeIgniter->runController(Object(App\Controllers\masterZakat))
#4 C:\xampp\htdocs\APIBaznas\system\CodeIgniter.php(320): CodeIgniter\CodeIgniter->handleRequest(NULL, Object(Config\Cache), false)
#5 C:\xampp\htdocs\APIBaznas\public\index.php(37): CodeIgniter\CodeIgniter->run()
#6 C:\xampp\htdocs\APIBaznas\system\Commands\Server\rewrite.php(43): require_once('C:\\xampp\\htdocs...')
#7 {main}
