ERROR - 2023-01-23 06:01:00 --> Unknown column 'berkasPemohon' in 'field list'
CRITICAL - 2023-01-23 06:01:00 --> Unknown column 'berkasPemohon' in 'field list'
#0 C:\xampp\htdocs\APIDesaDigital\core\system\Database\MySQLi\Connection.php(292): mysqli->query('INSERT INTO `tb...', 0)
#1 C:\xampp\htdocs\APIDesaDigital\core\system\Database\BaseConnection.php(670): CodeIgniter\Database\MySQLi\Connection->execute('INSERT INTO `tb...')
#2 C:\xampp\htdocs\APIDesaDigital\core\system\Database\BaseConnection.php(598): CodeIgniter\Database\BaseConnection->simpleQuery('INSERT INTO `tb...')
#3 C:\xampp\htdocs\APIDesaDigital\core\system\Database\BaseBuilder.php(1771): CodeIgniter\Database\BaseConnection->query('INSERT INTO `tb...', Array, false)
#4 C:\xampp\htdocs\APIDesaDigital\core\system\Model.php(239): CodeIgniter\Database\BaseBuilder->insert()
#5 C:\xampp\htdocs\APIDesaDigital\core\system\BaseModel.php(738): CodeIgniter\Model->doInsert(Array)
#6 C:\xampp\htdocs\APIDesaDigital\core\system\Model.php(625): CodeIgniter\BaseModel->insert(Array, true)
#7 C:\xampp\htdocs\APIDesaDigital\core\app\Controllers\APIPermohonanSurat.php(48): CodeIgniter\Model->insert(Array)
#8 C:\xampp\htdocs\APIDesaDigital\core\system\CodeIgniter.php(825): App\Controllers\APIPermohonanSurat->create()
#9 C:\xampp\htdocs\APIDesaDigital\core\system\CodeIgniter.php(412): CodeIgniter\CodeIgniter->runController(Object(App\Controllers\APIPermohonanSurat))
#10 C:\xampp\htdocs\APIDesaDigital\core\system\CodeIgniter.php(320): CodeIgniter\CodeIgniter->handleRequest(NULL, Object(Config\Cache), false)
#11 C:\xampp\htdocs\APIDesaDigital\index.php(37): CodeIgniter\CodeIgniter->run()
#12 {main}
ERROR - 2023-01-23 06:37:00 --> Unknown column 'berkasPemohon' in 'field list'
CRITICAL - 2023-01-23 06:37:02 --> Unknown column 'berkasPemohon' in 'field list'
#0 C:\xampp\htdocs\APIDesaDigital\core\system\Database\MySQLi\Connection.php(292): mysqli->query('INSERT INTO `tb...', 0)
#1 C:\xampp\htdocs\APIDesaDigital\core\system\Database\BaseConnection.php(670): CodeIgniter\Database\MySQLi\Connection->execute('INSERT INTO `tb...')
#2 C:\xampp\htdocs\APIDesaDigital\core\system\Database\BaseConnection.php(598): CodeIgniter\Database\BaseConnection->simpleQuery('INSERT INTO `tb...')
#3 C:\xampp\htdocs\APIDesaDigital\core\system\Database\BaseBuilder.php(1771): CodeIgniter\Database\BaseConnection->query('INSERT INTO `tb...', Array, false)
#4 C:\xampp\htdocs\APIDesaDigital\core\system\Model.php(239): CodeIgniter\Database\BaseBuilder->insert()
#5 C:\xampp\htdocs\APIDesaDigital\core\system\BaseModel.php(738): CodeIgniter\Model->doInsert(Array)
#6 C:\xampp\htdocs\APIDesaDigital\core\system\Model.php(625): CodeIgniter\BaseModel->insert(Array, true)
#7 C:\xampp\htdocs\APIDesaDigital\core\app\Controllers\APIPermohonanSurat.php(48): CodeIgniter\Model->insert(Array)
#8 C:\xampp\htdocs\APIDesaDigital\core\system\CodeIgniter.php(825): App\Controllers\APIPermohonanSurat->create()
#9 C:\xampp\htdocs\APIDesaDigital\core\system\CodeIgniter.php(412): CodeIgniter\CodeIgniter->runController(Object(App\Controllers\APIPermohonanSurat))
#10 C:\xampp\htdocs\APIDesaDigital\core\system\CodeIgniter.php(320): CodeIgniter\CodeIgniter->handleRequest(NULL, Object(Config\Cache), false)
#11 C:\xampp\htdocs\APIDesaDigital\index.php(37): CodeIgniter\CodeIgniter->run()
#12 {main}
CRITICAL - 2023-01-23 08:35:25 --> Array to string conversion
#0 C:\xampp\htdocs\APIDesaDigital\core\app\Controllers\Login.php(75): CodeIgniter\Debug\Exceptions->errorHandler(2, 'Array to string...', 'C:\\xampp\\htdocs...', 75)
#1 C:\xampp\htdocs\APIDesaDigital\core\system\CodeIgniter.php(825): App\Controllers\Login->create()
#2 C:\xampp\htdocs\APIDesaDigital\core\system\CodeIgniter.php(412): CodeIgniter\CodeIgniter->runController(Object(App\Controllers\Login))
#3 C:\xampp\htdocs\APIDesaDigital\core\system\CodeIgniter.php(320): CodeIgniter\CodeIgniter->handleRequest(NULL, Object(Config\Cache), false)
#4 C:\xampp\htdocs\APIDesaDigital\index.php(37): CodeIgniter\CodeIgniter->run()
#5 {main}
CRITICAL - 2023-01-23 08:36:03 --> Array to string conversion
#0 C:\xampp\htdocs\APIDesaDigital\core\app\Controllers\Login.php(75): CodeIgniter\Debug\Exceptions->errorHandler(2, 'Array to string...', 'C:\\xampp\\htdocs...', 75)
#1 C:\xampp\htdocs\APIDesaDigital\core\system\CodeIgniter.php(825): App\Controllers\Login->create()
#2 C:\xampp\htdocs\APIDesaDigital\core\system\CodeIgniter.php(412): CodeIgniter\CodeIgniter->runController(Object(App\Controllers\Login))
#3 C:\xampp\htdocs\APIDesaDigital\core\system\CodeIgniter.php(320): CodeIgniter\CodeIgniter->handleRequest(NULL, Object(Config\Cache), false)
#4 C:\xampp\htdocs\APIDesaDigital\index.php(37): CodeIgniter\CodeIgniter->run()
#5 {main}
CRITICAL - 2023-01-23 18:26:55 --> syntax error, unexpected token "}"
#0 C:\xampp\htdocs\APIDesaDigital\core\system\Router\Router.php(175): CodeIgniter\Router\Router->autoRoute('/DaftarPermohon...')
#1 C:\xampp\htdocs\APIDesaDigital\core\system\CodeIgniter.php(719): CodeIgniter\Router\Router->handle('/DaftarPermohon...')
#2 C:\xampp\htdocs\APIDesaDigital\core\system\CodeIgniter.php(361): CodeIgniter\CodeIgniter->tryToRouteIt(Object(CodeIgniter\Router\RouteCollection))
#3 C:\xampp\htdocs\APIDesaDigital\core\system\CodeIgniter.php(320): CodeIgniter\CodeIgniter->handleRequest(NULL, Object(Config\Cache), false)
#4 C:\xampp\htdocs\APIDesaDigital\index.php(37): CodeIgniter\CodeIgniter->run()
#5 {main}
CRITICAL - 2023-01-23 18:29:51 --> syntax error, unexpected token "}"
#0 C:\xampp\htdocs\APIDesaDigital\core\system\Router\Router.php(175): CodeIgniter\Router\Router->autoRoute('/DaftarPermohon...')
#1 C:\xampp\htdocs\APIDesaDigital\core\system\CodeIgniter.php(719): CodeIgniter\Router\Router->handle('/DaftarPermohon...')
#2 C:\xampp\htdocs\APIDesaDigital\core\system\CodeIgniter.php(361): CodeIgniter\CodeIgniter->tryToRouteIt(Object(CodeIgniter\Router\RouteCollection))
#3 C:\xampp\htdocs\APIDesaDigital\core\system\CodeIgniter.php(320): CodeIgniter\CodeIgniter->handleRequest(NULL, Object(Config\Cache), false)
#4 C:\xampp\htdocs\APIDesaDigital\index.php(37): CodeIgniter\CodeIgniter->run()
#5 {main}
CRITICAL - 2023-01-23 18:36:19 --> syntax error, unexpected token "}"
#0 C:\xampp\htdocs\APIDesaDigital\core\system\Router\Router.php(175): CodeIgniter\Router\Router->autoRoute('/DaftarPermohon...')
#1 C:\xampp\htdocs\APIDesaDigital\core\system\CodeIgniter.php(719): CodeIgniter\Router\Router->handle('/DaftarPermohon...')
#2 C:\xampp\htdocs\APIDesaDigital\core\system\CodeIgniter.php(361): CodeIgniter\CodeIgniter->tryToRouteIt(Object(CodeIgniter\Router\RouteCollection))
#3 C:\xampp\htdocs\APIDesaDigital\core\system\CodeIgniter.php(320): CodeIgniter\CodeIgniter->handleRequest(NULL, Object(Config\Cache), false)
#4 C:\xampp\htdocs\APIDesaDigital\index.php(37): CodeIgniter\CodeIgniter->run()
#5 {main}
CRITICAL - 2023-01-23 18:38:24 --> syntax error, unexpected token "}"
#0 C:\xampp\htdocs\APIDesaDigital\core\system\Autoloader\Autoloader.php(241): CodeIgniter\Autoloader\Autoloader->includeFile('C:\\xampp\\htdocs...')
#1 C:\xampp\htdocs\APIDesaDigital\core\system\Autoloader\Autoloader.php(219): CodeIgniter\Autoloader\Autoloader->loadInNamespace('App\\Controllers...')
#2 [internal function]: CodeIgniter\Autoloader\Autoloader->loadClass('App\\Controllers...')
#3 C:\xampp\htdocs\APIDesaDigital\core\system\CodeIgniter.php(790): class_exists('\\App\\Controller...', true)
#4 C:\xampp\htdocs\APIDesaDigital\core\system\CodeIgniter.php(399): CodeIgniter\CodeIgniter->startController()
#5 C:\xampp\htdocs\APIDesaDigital\core\system\CodeIgniter.php(320): CodeIgniter\CodeIgniter->handleRequest(NULL, Object(Config\Cache), false)
#6 C:\xampp\htdocs\APIDesaDigital\index.php(37): CodeIgniter\CodeIgniter->run()
#7 {main}
CRITICAL - 2023-01-23 18:38:53 --> syntax error, unexpected token "}"
#0 C:\xampp\htdocs\APIDesaDigital\core\system\Autoloader\Autoloader.php(241): CodeIgniter\Autoloader\Autoloader->includeFile('C:\\xampp\\htdocs...')
#1 C:\xampp\htdocs\APIDesaDigital\core\system\Autoloader\Autoloader.php(219): CodeIgniter\Autoloader\Autoloader->loadInNamespace('App\\Controllers...')
#2 [internal function]: CodeIgniter\Autoloader\Autoloader->loadClass('App\\Controllers...')
#3 C:\xampp\htdocs\APIDesaDigital\core\system\CodeIgniter.php(790): class_exists('\\App\\Controller...', true)
#4 C:\xampp\htdocs\APIDesaDigital\core\system\CodeIgniter.php(399): CodeIgniter\CodeIgniter->startController()
#5 C:\xampp\htdocs\APIDesaDigital\core\system\CodeIgniter.php(320): CodeIgniter\CodeIgniter->handleRequest(NULL, Object(Config\Cache), false)
#6 C:\xampp\htdocs\APIDesaDigital\index.php(37): CodeIgniter\CodeIgniter->run()
#7 {main}
CRITICAL - 2023-01-23 18:39:04 --> syntax error, unexpected token "}"
#0 C:\xampp\htdocs\APIDesaDigital\core\system\Autoloader\Autoloader.php(241): CodeIgniter\Autoloader\Autoloader->includeFile('C:\\xampp\\htdocs...')
#1 C:\xampp\htdocs\APIDesaDigital\core\system\Autoloader\Autoloader.php(219): CodeIgniter\Autoloader\Autoloader->loadInNamespace('App\\Controllers...')
#2 [internal function]: CodeIgniter\Autoloader\Autoloader->loadClass('App\\Controllers...')
#3 C:\xampp\htdocs\APIDesaDigital\core\system\CodeIgniter.php(790): class_exists('\\App\\Controller...', true)
#4 C:\xampp\htdocs\APIDesaDigital\core\system\CodeIgniter.php(399): CodeIgniter\CodeIgniter->startController()
#5 C:\xampp\htdocs\APIDesaDigital\core\system\CodeIgniter.php(320): CodeIgniter\CodeIgniter->handleRequest(NULL, Object(Config\Cache), false)
#6 C:\xampp\htdocs\APIDesaDigital\index.php(37): CodeIgniter\CodeIgniter->run()
#7 {main}
CRITICAL - 2023-01-23 18:39:36 --> Unclosed '{' on line 74 does not match ']'
#0 C:\xampp\htdocs\APIDesaDigital\core\system\Autoloader\Autoloader.php(241): CodeIgniter\Autoloader\Autoloader->includeFile('C:\\xampp\\htdocs...')
#1 C:\xampp\htdocs\APIDesaDigital\core\system\Autoloader\Autoloader.php(219): CodeIgniter\Autoloader\Autoloader->loadInNamespace('App\\Controllers...')
#2 [internal function]: CodeIgniter\Autoloader\Autoloader->loadClass('App\\Controllers...')
#3 C:\xampp\htdocs\APIDesaDigital\core\system\CodeIgniter.php(790): class_exists('\\App\\Controller...', true)
#4 C:\xampp\htdocs\APIDesaDigital\core\system\CodeIgniter.php(399): CodeIgniter\CodeIgniter->startController()
#5 C:\xampp\htdocs\APIDesaDigital\core\system\CodeIgniter.php(320): CodeIgniter\CodeIgniter->handleRequest(NULL, Object(Config\Cache), false)
#6 C:\xampp\htdocs\APIDesaDigital\index.php(37): CodeIgniter\CodeIgniter->run()
#7 {main}
CRITICAL - 2023-01-23 20:26:23 --> syntax error, unexpected token "}"
#0 C:\xampp\htdocs\APIDesaDigital\core\system\Autoloader\Autoloader.php(241): CodeIgniter\Autoloader\Autoloader->includeFile('C:\\xampp\\htdocs...')
#1 C:\xampp\htdocs\APIDesaDigital\core\system\Autoloader\Autoloader.php(219): CodeIgniter\Autoloader\Autoloader->loadInNamespace('App\\Controllers...')
#2 [internal function]: CodeIgniter\Autoloader\Autoloader->loadClass('App\\Controllers...')
#3 C:\xampp\htdocs\APIDesaDigital\core\system\CodeIgniter.php(790): class_exists('\\App\\Controller...', true)
#4 C:\xampp\htdocs\APIDesaDigital\core\system\CodeIgniter.php(399): CodeIgniter\CodeIgniter->startController()
#5 C:\xampp\htdocs\APIDesaDigital\core\system\CodeIgniter.php(320): CodeIgniter\CodeIgniter->handleRequest(NULL, Object(Config\Cache), false)
#6 C:\xampp\htdocs\APIDesaDigital\index.php(37): CodeIgniter\CodeIgniter->run()
#7 {main}
ERROR - 2023-01-23 20:32:10 --> Unknown column 'username' in 'where clause'
CRITICAL - 2023-01-23 20:32:10 --> Unknown column 'username' in 'where clause'
#0 C:\xampp\htdocs\APIDesaDigital\core\system\Database\MySQLi\Connection.php(292): mysqli->query('SELECT *\nFROM `...', 0)
#1 C:\xampp\htdocs\APIDesaDigital\core\system\Database\BaseConnection.php(670): CodeIgniter\Database\MySQLi\Connection->execute('SELECT *\nFROM `...')
#2 C:\xampp\htdocs\APIDesaDigital\core\system\Database\BaseConnection.php(598): CodeIgniter\Database\BaseConnection->simpleQuery('SELECT *\nFROM `...')
#3 C:\xampp\htdocs\APIDesaDigital\core\system\Database\BaseBuilder.php(1455): CodeIgniter\Database\BaseConnection->query('SELECT *\nFROM `...', Array, false)
#4 C:\xampp\htdocs\APIDesaDigital\core\system\Model.php(183): CodeIgniter\Database\BaseBuilder->get()
#5 C:\xampp\htdocs\APIDesaDigital\core\system\BaseModel.php(584): CodeIgniter\Model->doFindAll(0, 0)
#6 C:\xampp\htdocs\APIDesaDigital\core\app\Controllers\DaftarPermohonan.php(25): CodeIgniter\BaseModel->findAll()
#7 C:\xampp\htdocs\APIDesaDigital\core\system\CodeIgniter.php(825): App\Controllers\DaftarPermohonan->create()
#8 C:\xampp\htdocs\APIDesaDigital\core\system\CodeIgniter.php(412): CodeIgniter\CodeIgniter->runController(Object(App\Controllers\DaftarPermohonan))
#9 C:\xampp\htdocs\APIDesaDigital\core\system\CodeIgniter.php(320): CodeIgniter\CodeIgniter->handleRequest(NULL, Object(Config\Cache), false)
#10 C:\xampp\htdocs\APIDesaDigital\index.php(37): CodeIgniter\CodeIgniter->run()
#11 {main}
ERROR - 2023-01-23 20:32:23 --> Unknown column 'username' in 'where clause'
CRITICAL - 2023-01-23 20:32:23 --> Unknown column 'username' in 'where clause'
#0 C:\xampp\htdocs\APIDesaDigital\core\system\Database\MySQLi\Connection.php(292): mysqli->query('SELECT *\nFROM `...', 0)
#1 C:\xampp\htdocs\APIDesaDigital\core\system\Database\BaseConnection.php(670): CodeIgniter\Database\MySQLi\Connection->execute('SELECT *\nFROM `...')
#2 C:\xampp\htdocs\APIDesaDigital\core\system\Database\BaseConnection.php(598): CodeIgniter\Database\BaseConnection->simpleQuery('SELECT *\nFROM `...')
#3 C:\xampp\htdocs\APIDesaDigital\core\system\Database\BaseBuilder.php(1455): CodeIgniter\Database\BaseConnection->query('SELECT *\nFROM `...', Array, false)
#4 C:\xampp\htdocs\APIDesaDigital\core\system\Model.php(183): CodeIgniter\Database\BaseBuilder->get()
#5 C:\xampp\htdocs\APIDesaDigital\core\system\BaseModel.php(584): CodeIgniter\Model->doFindAll(0, 0)
#6 C:\xampp\htdocs\APIDesaDigital\core\app\Controllers\DaftarPermohonan.php(25): CodeIgniter\BaseModel->findAll()
#7 C:\xampp\htdocs\APIDesaDigital\core\system\CodeIgniter.php(825): App\Controllers\DaftarPermohonan->create()
#8 C:\xampp\htdocs\APIDesaDigital\core\system\CodeIgniter.php(412): CodeIgniter\CodeIgniter->runController(Object(App\Controllers\DaftarPermohonan))
#9 C:\xampp\htdocs\APIDesaDigital\core\system\CodeIgniter.php(320): CodeIgniter\CodeIgniter->handleRequest(NULL, Object(Config\Cache), false)
#10 C:\xampp\htdocs\APIDesaDigital\index.php(37): CodeIgniter\CodeIgniter->run()
#11 {main}
CRITICAL - 2023-01-23 20:50:51 --> syntax error, unexpected token "}"
#0 C:\xampp\htdocs\APIDesaDigital\core\system\Autoloader\Autoloader.php(241): CodeIgniter\Autoloader\Autoloader->includeFile('C:\\xampp\\htdocs...')
#1 C:\xampp\htdocs\APIDesaDigital\core\system\Autoloader\Autoloader.php(219): CodeIgniter\Autoloader\Autoloader->loadInNamespace('App\\Controllers...')
#2 [internal function]: CodeIgniter\Autoloader\Autoloader->loadClass('App\\Controllers...')
#3 C:\xampp\htdocs\APIDesaDigital\core\system\CodeIgniter.php(790): class_exists('\\App\\Controller...', true)
#4 C:\xampp\htdocs\APIDesaDigital\core\system\CodeIgniter.php(399): CodeIgniter\CodeIgniter->startController()
#5 C:\xampp\htdocs\APIDesaDigital\core\system\CodeIgniter.php(320): CodeIgniter\CodeIgniter->handleRequest(NULL, Object(Config\Cache), false)
#6 C:\xampp\htdocs\APIDesaDigital\index.php(37): CodeIgniter\CodeIgniter->run()
#7 {main}
CRITICAL - 2023-01-23 22:21:59 --> Call to a member function findAll() on array
#0 C:\xampp\htdocs\APIDesaDigital\core\system\CodeIgniter.php(825): App\Controllers\DaftarPermohonan->create()
#1 C:\xampp\htdocs\APIDesaDigital\core\system\CodeIgniter.php(412): CodeIgniter\CodeIgniter->runController(Object(App\Controllers\DaftarPermohonan))
#2 C:\xampp\htdocs\APIDesaDigital\core\system\CodeIgniter.php(320): CodeIgniter\CodeIgniter->handleRequest(NULL, Object(Config\Cache), false)
#3 C:\xampp\htdocs\APIDesaDigital\index.php(37): CodeIgniter\CodeIgniter->run()
#4 {main}
CRITICAL - 2023-01-23 22:24:03 --> Call to a member function findAll() on array
#0 C:\xampp\htdocs\APIDesaDigital\core\system\CodeIgniter.php(825): App\Controllers\DaftarPermohonan->create()
#1 C:\xampp\htdocs\APIDesaDigital\core\system\CodeIgniter.php(412): CodeIgniter\CodeIgniter->runController(Object(App\Controllers\DaftarPermohonan))
#2 C:\xampp\htdocs\APIDesaDigital\core\system\CodeIgniter.php(320): CodeIgniter\CodeIgniter->handleRequest(NULL, Object(Config\Cache), false)
#3 C:\xampp\htdocs\APIDesaDigital\index.php(37): CodeIgniter\CodeIgniter->run()
#4 {main}
CRITICAL - 2023-01-23 22:24:38 --> Undefined array key 0
#0 C:\xampp\htdocs\APIDesaDigital\core\app\Controllers\DaftarPermohonan.php(53): CodeIgniter\Debug\Exceptions->errorHandler(2, 'Undefined array...', 'C:\\xampp\\htdocs...', 53)
#1 C:\xampp\htdocs\APIDesaDigital\core\system\CodeIgniter.php(825): App\Controllers\DaftarPermohonan->create()
#2 C:\xampp\htdocs\APIDesaDigital\core\system\CodeIgniter.php(412): CodeIgniter\CodeIgniter->runController(Object(App\Controllers\DaftarPermohonan))
#3 C:\xampp\htdocs\APIDesaDigital\core\system\CodeIgniter.php(320): CodeIgniter\CodeIgniter->handleRequest(NULL, Object(Config\Cache), false)
#4 C:\xampp\htdocs\APIDesaDigital\index.php(37): CodeIgniter\CodeIgniter->run()
#5 {main}
